
2024-03-07 14:02:02,425 - Mail to manager send successfully
2024-03-07 14:02:02,673 - Mail to client send successfully to human.coin.order@gmail.com
2024-03-07 14:02:40,886 - /home/a/deco_dj/orders/views.py changed, reloading.
2024-03-07 14:02:52,504 - /home/a/deco_dj/orders/views.py changed, reloading.
2024-03-07 14:03:18,255 - /home/a/deco_dj/orders/views.py changed, reloading.
2024-03-07 14:03:22,707 - Mail to manager send successfully
2024-03-07 14:03:23,697 - Error sending mail to human.coin.order@gmail.com
2024-03-07 14:03:46,464 - /home/a/deco_dj/orders/views.py changed, reloading.
2024-03-07 14:03:56,160 - Mail to manager send successfully
2024-03-07 14:03:56,822 - Mail to client send successfully to human.coin.order@gmail.com
2024-03-07 14:13:59,916 - /home/a/deco_dj/freee_dj/settings/base.py changed, reloading.
2024-03-07 14:14:14,467 - /home/a/deco_dj/orders/views.py changed, reloading.
2024-03-07 14:15:56,258 - Internal Server Error: /orders/create/
Traceback (most recent call last):
  File "/home/a/.local/lib/python3.10/site-packages/django/core/handlers/exception.py", line 56, in inner
    response = get_response(request)
  File "/home/a/.local/lib/python3.10/site-packages/django/core/handlers/base.py", line 197, in _get_response
    response = wrapped_callback(request, *callback_args, **callback_kwargs)
  File "/home/a/deco_dj/orders/views.py", line 37, in order_create
    send_mail('Test Email', 'This is a test email message.', 'to.the.neizvestnost@yandex.ru', [order.email])
  File "/home/a/.local/lib/python3.10/site-packages/django/core/mail/__init__.py", line 87, in send_mail
    return mail.send()
  File "/home/a/.local/lib/python3.10/site-packages/django/core/mail/message.py", line 298, in send
    return self.get_connection(fail_silently).send_messages([self])
  File "/home/a/.local/lib/python3.10/site-packages/django/core/mail/backends/smtp.py", line 124, in send_messages
    new_conn_created = self.open()
  File "/home/a/.local/lib/python3.10/site-packages/django/core/mail/backends/smtp.py", line 91, in open
    self.connection.login(self.username, self.password)
  File "/usr/lib/python3.10/smtplib.py", line 750, in login
    raise last_exception
  File "/usr/lib/python3.10/smtplib.py", line 739, in login
    (code, resp) = self.auth(
  File "/usr/lib/python3.10/smtplib.py", line 662, in auth
    raise SMTPAuthenticationError(code, resp)
smtplib.SMTPAuthenticationError: (535, b'5.7.8 Error: authentication failed: This user does not have access rights to this service 1709820955-tFieCjQl5uQ0')
2024-03-07 14:15:56,479 - Not Found: /favicon.ico
2024-03-07 14:27:21,177 - Not Found: /media/
2024-03-07 14:27:21,213 - Not Found: /media/
2024-03-07 14:27:34,088 - Internal Server Error: /orders/create/
Traceback (most recent call last):
  File "/home/a/.local/lib/python3.10/site-packages/django/core/handlers/exception.py", line 56, in inner
    response = get_response(request)
  File "/home/a/.local/lib/python3.10/site-packages/django/core/handlers/base.py", line 197, in _get_response
    response = wrapped_callback(request, *callback_args, **callback_kwargs)
  File "/home/a/deco_dj/orders/views.py", line 37, in order_create
    send_mail('Test Email', 'This is a test email message.', 'to.the.neizvestnost@yandex.ru', [order.email])
  File "/home/a/.local/lib/python3.10/site-packages/django/core/mail/__init__.py", line 87, in send_mail
    return mail.send()
  File "/home/a/.local/lib/python3.10/site-packages/django/core/mail/message.py", line 298, in send
    return self.get_connection(fail_silently).send_messages([self])
  File "/home/a/.local/lib/python3.10/site-packages/django/core/mail/backends/smtp.py", line 124, in send_messages
    new_conn_created = self.open()
  File "/home/a/.local/lib/python3.10/site-packages/django/core/mail/backends/smtp.py", line 91, in open
    self.connection.login(self.username, self.password)
  File "/usr/lib/python3.10/smtplib.py", line 750, in login
    raise last_exception
  File "/usr/lib/python3.10/smtplib.py", line 739, in login
    (code, resp) = self.auth(
  File "/usr/lib/python3.10/smtplib.py", line 662, in auth
    raise SMTPAuthenticationError(code, resp)
smtplib.SMTPAuthenticationError: (535, b'5.7.8 Error: authentication failed: This user does not have access rights to this service 1709821655-YRirE0CAT8c0')
2024-03-07 14:29:38,062 - /home/a/deco_dj/freee_dj/settings/base.py changed, reloading.
2024-03-07 14:29:51,190 - Internal Server Error: /orders/create/
Traceback (most recent call last):
  File "/home/a/.local/lib/python3.10/site-packages/django/core/handlers/exception.py", line 56, in inner
    response = get_response(request)
  File "/home/a/.local/lib/python3.10/site-packages/django/core/handlers/base.py", line 197, in _get_response
    response = wrapped_callback(request, *callback_args, **callback_kwargs)
  File "/home/a/deco_dj/orders/views.py", line 37, in order_create
    send_mail('Test Email', 'This is a test email message.', 'to.the.neizvestnost@yandex.ru', [order.email])
  File "/home/a/.local/lib/python3.10/site-packages/django/core/mail/__init__.py", line 87, in send_mail
    return mail.send()
  File "/home/a/.local/lib/python3.10/site-packages/django/core/mail/message.py", line 298, in send
    return self.get_connection(fail_silently).send_messages([self])
  File "/home/a/.local/lib/python3.10/site-packages/django/core/mail/backends/smtp.py", line 124, in send_messages
    new_conn_created = self.open()
  File "/home/a/.local/lib/python3.10/site-packages/django/core/mail/backends/smtp.py", line 91, in open
    self.connection.login(self.username, self.password)
  File "/usr/lib/python3.10/smtplib.py", line 750, in login
    raise last_exception
  File "/usr/lib/python3.10/smtplib.py", line 739, in login
    (code, resp) = self.auth(
  File "/usr/lib/python3.10/smtplib.py", line 662, in auth
    raise SMTPAuthenticationError(code, resp)
smtplib.SMTPAuthenticationError: (535, b'5.7.8 Error: authentication failed: Invalid user or password! 1709821792-pTiSmtQl7a60')
2024-03-07 14:29:56,975 - /home/a/deco_dj/freee_dj/settings/base.py changed, reloading.
2024-03-07 14:30:14,663 - /home/a/deco_dj/freee_dj/settings/base.py changed, reloading.
2024-03-07 14:30:18,633 - Internal Server Error: /orders/create/
Traceback (most recent call last):
  File "/home/a/.local/lib/python3.10/site-packages/django/core/handlers/exception.py", line 56, in inner
    response = get_response(request)
  File "/home/a/.local/lib/python3.10/site-packages/django/core/handlers/base.py", line 197, in _get_response
    response = wrapped_callback(request, *callback_args, **callback_kwargs)
  File "/home/a/deco_dj/orders/views.py", line 37, in order_create
    send_mail('Test Email', 'This is a test email message.', 'to.the.neizvestnost@yandex.ru', [order.email])
  File "/home/a/.local/lib/python3.10/site-packages/django/core/mail/__init__.py", line 87, in send_mail
    return mail.send()
  File "/home/a/.local/lib/python3.10/site-packages/django/core/mail/message.py", line 298, in send
    return self.get_connection(fail_silently).send_messages([self])
  File "/home/a/.local/lib/python3.10/site-packages/django/core/mail/backends/smtp.py", line 124, in send_messages
    new_conn_created = self.open()
  File "/home/a/.local/lib/python3.10/site-packages/django/core/mail/backends/smtp.py", line 91, in open
    self.connection.login(self.username, self.password)
  File "/usr/lib/python3.10/smtplib.py", line 750, in login
    raise last_exception
  File "/usr/lib/python3.10/smtplib.py", line 739, in login
    (code, resp) = self.auth(
  File "/usr/lib/python3.10/smtplib.py", line 662, in auth
    raise SMTPAuthenticationError(code, resp)
smtplib.SMTPAuthenticationError: (535, b'5.7.8 Error: authentication failed: Invalid user or password! 1709821819-IUinfsTj3iE0')
2024-03-07 14:30:25,370 - Internal Server Error: /orders/create/
Traceback (most recent call last):
  File "/home/a/.local/lib/python3.10/site-packages/django/core/handlers/exception.py", line 56, in inner
    response = get_response(request)
  File "/home/a/.local/lib/python3.10/site-packages/django/core/handlers/base.py", line 197, in _get_response
    response = wrapped_callback(request, *callback_args, **callback_kwargs)
  File "/home/a/deco_dj/orders/views.py", line 37, in order_create
    send_mail('Test Email', 'This is a test email message.', 'to.the.neizvestnost@yandex.ru', [order.email])
  File "/home/a/.local/lib/python3.10/site-packages/django/core/mail/__init__.py", line 87, in send_mail
    return mail.send()
  File "/home/a/.local/lib/python3.10/site-packages/django/core/mail/message.py", line 298, in send
    return self.get_connection(fail_silently).send_messages([self])
  File "/home/a/.local/lib/python3.10/site-packages/django/core/mail/backends/smtp.py", line 124, in send_messages
    new_conn_created = self.open()
  File "/home/a/.local/lib/python3.10/site-packages/django/core/mail/backends/smtp.py", line 91, in open
    self.connection.login(self.username, self.password)
  File "/usr/lib/python3.10/smtplib.py", line 750, in login
    raise last_exception
  File "/usr/lib/python3.10/smtplib.py", line 739, in login
    (code, resp) = self.auth(
  File "/usr/lib/python3.10/smtplib.py", line 662, in auth
    raise SMTPAuthenticationError(code, resp)
smtplib.SMTPAuthenticationError: (535, b'5.7.8 Error: authentication failed: Invalid user or password! 1709821826-QUiVqxO2GuQ0')
2024-03-07 14:30:38,700 - /home/a/deco_dj/freee_dj/settings/base.py changed, reloading.
2024-03-07 14:30:41,739 - Internal Server Error: /orders/create/
Traceback (most recent call last):
  File "/home/a/.local/lib/python3.10/site-packages/django/core/handlers/exception.py", line 56, in inner
    response = get_response(request)
  File "/home/a/.local/lib/python3.10/site-packages/django/core/handlers/base.py", line 197, in _get_response
    response = wrapped_callback(request, *callback_args, **callback_kwargs)
  File "/home/a/deco_dj/orders/views.py", line 37, in order_create
    send_mail('Test Email', 'This is a test email message.', 'to.the.neizvestnost@yandex.ru', [order.email])
  File "/home/a/.local/lib/python3.10/site-packages/django/core/mail/__init__.py", line 87, in send_mail
    return mail.send()
  File "/home/a/.local/lib/python3.10/site-packages/django/core/mail/message.py", line 298, in send
    return self.get_connection(fail_silently).send_messages([self])
  File "/home/a/.local/lib/python3.10/site-packages/django/core/mail/backends/smtp.py", line 124, in send_messages
    new_conn_created = self.open()
  File "/home/a/.local/lib/python3.10/site-packages/django/core/mail/backends/smtp.py", line 91, in open
    self.connection.login(self.username, self.password)
  File "/usr/lib/python3.10/smtplib.py", line 750, in login
    raise last_exception
  File "/usr/lib/python3.10/smtplib.py", line 739, in login
    (code, resp) = self.auth(
  File "/usr/lib/python3.10/smtplib.py", line 662, in auth
    raise SMTPAuthenticationError(code, resp)
smtplib.SMTPAuthenticationError: (535, b'5.7.8 Error: authentication failed: Invalid user or password! 1709821842-gUiROd1Or4Y0')
2024-03-07 14:30:41,906 - Not Found: /favicon.ico
2024-03-07 14:30:59,571 - /home/a/deco_dj/orders/views.py changed, reloading.
2024-03-07 14:31:02,020 - /home/a/deco_dj/freee_dj/settings/base.py changed, reloading.
2024-03-07 14:31:36,254 - Internal Server Error: /orders/create/
Traceback (most recent call last):
  File "/home/a/.local/lib/python3.10/site-packages/django/core/handlers/exception.py", line 56, in inner
    response = get_response(request)
  File "/home/a/.local/lib/python3.10/site-packages/django/core/handlers/base.py", line 197, in _get_response
    response = wrapped_callback(request, *callback_args, **callback_kwargs)
  File "/home/a/deco_dj/orders/views.py", line 37, in order_create
    send_mail('Test Email', 'This is a test email message.', 'to.the.neizvestnost@yandex.ru', [order.email])
  File "/home/a/.local/lib/python3.10/site-packages/django/core/mail/__init__.py", line 87, in send_mail
    return mail.send()
  File "/home/a/.local/lib/python3.10/site-packages/django/core/mail/message.py", line 298, in send
    return self.get_connection(fail_silently).send_messages([self])
  File "/home/a/.local/lib/python3.10/site-packages/django/core/mail/backends/smtp.py", line 124, in send_messages
    new_conn_created = self.open()
  File "/home/a/.local/lib/python3.10/site-packages/django/core/mail/backends/smtp.py", line 91, in open
    self.connection.login(self.username, self.password)
  File "/usr/lib/python3.10/smtplib.py", line 750, in login
    raise last_exception
  File "/usr/lib/python3.10/smtplib.py", line 739, in login
    (code, resp) = self.auth(
  File "/usr/lib/python3.10/smtplib.py", line 662, in auth
    raise SMTPAuthenticationError(code, resp)
smtplib.SMTPAuthenticationError: (535, b'5.7.8 Error: authentication failed: Invalid user or password! 1709821897-aVi6lPBf4qM0')
2024-03-07 14:31:51,784 - /home/a/deco_dj/orders/views.py changed, reloading.
2024-03-07 14:31:55,479 - Internal Server Error: /orders/create/
Traceback (most recent call last):
  File "/home/a/.local/lib/python3.10/site-packages/django/core/handlers/exception.py", line 56, in inner
    response = get_response(request)
  File "/home/a/.local/lib/python3.10/site-packages/django/core/handlers/base.py", line 197, in _get_response
    response = wrapped_callback(request, *callback_args, **callback_kwargs)
  File "/home/a/deco_dj/orders/views.py", line 37, in order_create
    send_mail('Test Email', 'This is a test email message.', 'komy.kabachok@yandex.ru', [order.email])
  File "/home/a/.local/lib/python3.10/site-packages/django/core/mail/__init__.py", line 87, in send_mail
    return mail.send()
  File "/home/a/.local/lib/python3.10/site-packages/django/core/mail/message.py", line 298, in send
    return self.get_connection(fail_silently).send_messages([self])
  File "/home/a/.local/lib/python3.10/site-packages/django/core/mail/backends/smtp.py", line 124, in send_messages
    new_conn_created = self.open()
  File "/home/a/.local/lib/python3.10/site-packages/django/core/mail/backends/smtp.py", line 91, in open
    self.connection.login(self.username, self.password)
  File "/usr/lib/python3.10/smtplib.py", line 750, in login
    raise last_exception
  File "/usr/lib/python3.10/smtplib.py", line 739, in login
    (code, resp) = self.auth(
  File "/usr/lib/python3.10/smtplib.py", line 662, in auth
    raise SMTPAuthenticationError(code, resp)
smtplib.SMTPAuthenticationError: (535, b'5.7.8 Error: authentication failed: Invalid user or password! 1709821916-uViqUP2Pi8c0')
2024-03-07 14:32:04,748 - Internal Server Error: /orders/create/
Traceback (most recent call last):
  File "/home/a/.local/lib/python3.10/site-packages/django/core/handlers/exception.py", line 56, in inner
    response = get_response(request)
  File "/home/a/.local/lib/python3.10/site-packages/django/core/handlers/base.py", line 197, in _get_response
    response = wrapped_callback(request, *callback_args, **callback_kwargs)
  File "/home/a/deco_dj/orders/views.py", line 37, in order_create
    send_mail('Test Email', 'This is a test email message.', 'komy.kabachok@yandex.ru', [order.email])
  File "/home/a/.local/lib/python3.10/site-packages/django/core/mail/__init__.py", line 87, in send_mail
    return mail.send()
  File "/home/a/.local/lib/python3.10/site-packages/django/core/mail/message.py", line 298, in send
    return self.get_connection(fail_silently).send_messages([self])
  File "/home/a/.local/lib/python3.10/site-packages/django/core/mail/backends/smtp.py", line 124, in send_messages
    new_conn_created = self.open()
  File "/home/a/.local/lib/python3.10/site-packages/django/core/mail/backends/smtp.py", line 91, in open
    self.connection.login(self.username, self.password)
  File "/usr/lib/python3.10/smtplib.py", line 750, in login
    raise last_exception
  File "/usr/lib/python3.10/smtplib.py", line 739, in login
    (code, resp) = self.auth(
  File "/usr/lib/python3.10/smtplib.py", line 662, in auth
    raise SMTPAuthenticationError(code, resp)
smtplib.SMTPAuthenticationError: (535, b'5.7.8 Error: authentication failed: Invalid user or password! 1709821925-4WiR12CQkGk0')
2024-03-07 14:36:04,233 - Mail to manager send successfully
2024-03-07 14:36:05,146 - Mail to client send successfully to madmarakuya@gmail.com
2024-03-07 14:36:40,154 - /home/a/deco_dj/freee_dj/settings/base.py changed, reloading.
2024-03-07 14:39:22,285 - /home/a/deco_dj/orders/views.py changed, reloading.
2024-03-07 15:22:50,454 - /home/a/deco_dj/orders/models.py changed, reloading.
2024-03-07 15:25:18,377 - /home/a/deco_dj/orders/forms.py changed, reloading.
2024-03-07 15:25:40,022 - /home/a/deco_dj/orders/forms.py changed, reloading.
2024-03-07 15:26:13,909 - /home/a/deco_dj/orders/models.py changed, reloading.
2024-03-07 15:34:46,342 - Not Found: /orders/create/images/CONSONO_ARM_CORSO_08_GOODS_02_G2l7gyn.png
2024-03-07 15:34:46,498 - Not Found: /orders/create/images/CONSONO_ARM_CORSO_08_GOODS_02_G2l7gyn.png
2024-03-07 15:35:00,013 - Not Found: /orders/create/media/images/CONSONO_ARM_CORSO_08_GOODS_02_G2l7gyn.png
2024-03-07 15:35:00,154 - Not Found: /orders/create/media/images/CONSONO_ARM_CORSO_08_GOODS_02_G2l7gyn.png
2024-03-07 15:36:19,021 - Internal Server Error: /orders/create/
Traceback (most recent call last):
  File "/home/a/.local/lib/python3.10/site-packages/django/template/base.py", line 505, in parse
    compile_func = self.tags[command]
KeyError: 'static'

During handling of the above exception, another exception occurred:

Traceback (most recent call last):
  File "/home/a/.local/lib/python3.10/site-packages/django/core/handlers/exception.py", line 56, in inner
    response = get_response(request)
  File "/home/a/.local/lib/python3.10/site-packages/django/core/handlers/base.py", line 197, in _get_response
    response = wrapped_callback(request, *callback_args, **callback_kwargs)
  File "/home/a/deco_dj/orders/views.py", line 76, in order_create
    return render(request, 'orders/order/create.html', {'cart': cart, 'form': form})
  File "/home/a/.local/lib/python3.10/site-packages/django/shortcuts.py", line 24, in render
    content = loader.render_to_string(template_name, context, request, using=using)
  File "/home/a/.local/lib/python3.10/site-packages/django/template/loader.py", line 61, in render_to_string
    template = get_template(template_name, using=using)
  File "/home/a/.local/lib/python3.10/site-packages/django/template/loader.py", line 15, in get_template
    return engine.get_template(template_name)
  File "/home/a/.local/lib/python3.10/site-packages/django/template/backends/django.py", line 33, in get_template
    return Template(self.engine.get_template(template_name), self)
  File "/home/a/.local/lib/python3.10/site-packages/django/template/engine.py", line 175, in get_template
    template, origin = self.find_template(template_name)
  File "/home/a/.local/lib/python3.10/site-packages/django/template/engine.py", line 157, in find_template
    template = loader.get_template(name, skip=skip)
  File "/home/a/.local/lib/python3.10/site-packages/django/template/loaders/cached.py", line 57, in get_template
    template = super().get_template(template_name, skip)
  File "/home/a/.local/lib/python3.10/site-packages/django/template/loaders/base.py", line 28, in get_template
    return Template(
  File "/home/a/.local/lib/python3.10/site-packages/django/template/base.py", line 154, in __init__
    self.nodelist = self.compile_nodelist()
  File "/home/a/.local/lib/python3.10/site-packages/django/template/base.py", line 200, in compile_nodelist
    return parser.parse()
  File "/home/a/.local/lib/python3.10/site-packages/django/template/base.py", line 513, in parse
    raise self.error(token, e)
  File "/home/a/.local/lib/python3.10/site-packages/django/template/base.py", line 511, in parse
    compiled_result = compile_func(self, token)
  File "/home/a/.local/lib/python3.10/site-packages/django/template/loader_tags.py", line 293, in do_extends
    nodelist = parser.parse()
  File "/home/a/.local/lib/python3.10/site-packages/django/template/base.py", line 513, in parse
    raise self.error(token, e)
  File "/home/a/.local/lib/python3.10/site-packages/django/template/base.py", line 511, in parse
    compiled_result = compile_func(self, token)
  File "/home/a/.local/lib/python3.10/site-packages/django/template/loader_tags.py", line 232, in do_block
    nodelist = parser.parse(("endblock",))
  File "/home/a/.local/lib/python3.10/site-packages/django/template/base.py", line 513, in parse
    raise self.error(token, e)
  File "/home/a/.local/lib/python3.10/site-packages/django/template/base.py", line 511, in parse
    compiled_result = compile_func(self, token)
  File "/home/a/.local/lib/python3.10/site-packages/django/template/defaulttags.py", line 853, in do_for
    nodelist_loop = parser.parse(
  File "/home/a/.local/lib/python3.10/site-packages/django/template/base.py", line 513, in parse
    raise self.error(token, e)
  File "/home/a/.local/lib/python3.10/site-packages/django/template/base.py", line 511, in parse
    compiled_result = compile_func(self, token)
  File "/home/a/.local/lib/python3.10/site-packages/django/template/defaulttags.py", line 967, in do_if
    nodelist = parser.parse(("endif",))
  File "/home/a/.local/lib/python3.10/site-packages/django/template/base.py", line 507, in parse
    self.invalid_block_tag(token, command, parse_until)
  File "/home/a/.local/lib/python3.10/site-packages/django/template/base.py", line 558, in invalid_block_tag
    raise self.error(
django.template.exceptions.TemplateSyntaxError: Invalid block tag on line 41: 'static', expected 'endif'. Did you forget to register or load this tag?
2024-03-07 15:36:42,939 - Not Found: /orders/create/media//media/images/CONSONO_ARM_CORSO_08_GOODS_02_G2l7gyn.png
2024-03-07 15:36:43,074 - Not Found: /orders/create/media//media/images/CONSONO_ARM_CORSO_08_GOODS_02_G2l7gyn.png
2024-03-07 15:36:57,964 - Not Found: /orders/create/media//media/images/CONSONO_ARM_CORSO_08_GOODS_02_G2l7gyn.png
2024-03-07 15:36:58,105 - Not Found: /orders/create/media//media/images/CONSONO_ARM_CORSO_08_GOODS_02_G2l7gyn.png
2024-03-07 15:37:57,874 - Not Found: /media/
2024-03-07 15:37:58,017 - Not Found: /media/
2024-03-07 15:53:25,108 - /home/a/deco_dj/orders/forms.py changed, reloading.
2024-03-07 15:55:59,041 - /home/a/deco_dj/orders/forms.py changed, reloading.
2024-03-07 15:56:34,174 - Internal Server Error: /orders/create/
Traceback (most recent call last):
  File "/home/a/.local/lib/python3.10/site-packages/django/core/handlers/exception.py", line 56, in inner
    response = get_response(request)
  File "/home/a/.local/lib/python3.10/site-packages/django/core/handlers/base.py", line 197, in _get_response
    response = wrapped_callback(request, *callback_args, **callback_kwargs)
  File "/home/a/deco_dj/orders/views.py", line 75, in order_create
    form = OrderCreateForm()
  File "/home/a/deco_dj/orders/forms.py", line 11, in __init__
    super(MyForm, self).__init__(*args, **kwargs)
NameError: name 'MyForm' is not defined
2024-03-07 15:56:35,289 - Internal Server Error: /orders/create/
Traceback (most recent call last):
  File "/home/a/.local/lib/python3.10/site-packages/django/core/handlers/exception.py", line 56, in inner
    response = get_response(request)
  File "/home/a/.local/lib/python3.10/site-packages/django/core/handlers/base.py", line 197, in _get_response
    response = wrapped_callback(request, *callback_args, **callback_kwargs)
  File "/home/a/deco_dj/orders/views.py", line 75, in order_create
    form = OrderCreateForm()
  File "/home/a/deco_dj/orders/forms.py", line 11, in __init__
    super(MyForm, self).__init__(*args, **kwargs)
NameError: name 'MyForm' is not defined
2024-03-07 15:56:42,621 - /home/a/deco_dj/orders/forms.py changed, reloading.
2024-03-08 10:05:53,754 - Not Found: /products/consono-arm-jazz-01/image2.jpg
2024-03-08 10:05:53,757 - Not Found: /products/consono-arm-jazz-01/image3.jpg
2024-03-08 10:05:53,762 - Not Found: /products/consono-arm-jazz-01/image1.jpg
2024-03-08 11:43:10,844 - Not Found: /products/consono-mod1-jazz-21/
2024-03-08 11:45:54,146 - /home/a/deco_dj/product/models.py changed, reloading.
2024-03-10 10:12:47,863 - Internal Server Error: /products/consono-arm-jazz-01/
Traceback (most recent call last):
  File "/home/a/.local/lib/python3.10/site-packages/django/template/base.py", line 880, in _resolve_lookup
    current = current[bit]
TypeError: 'FieldFile' object is not subscriptable

During handling of the above exception, another exception occurred:

Traceback (most recent call last):
  File "/home/a/.local/lib/python3.10/site-packages/django/core/handlers/exception.py", line 56, in inner
    response = get_response(request)
  File "/home/a/.local/lib/python3.10/site-packages/django/core/handlers/base.py", line 197, in _get_response
    response = wrapped_callback(request, *callback_args, **callback_kwargs)
  File "/home/a/deco_dj/product/views.py", line 93, in single_product
    return render(request, 'product/single_product.html', {
  File "/home/a/.local/lib/python3.10/site-packages/django/shortcuts.py", line 24, in render
    content = loader.render_to_string(template_name, context, request, using=using)
  File "/home/a/.local/lib/python3.10/site-packages/django/template/loader.py", line 62, in render_to_string
    return template.render(context, request)
  File "/home/a/.local/lib/python3.10/site-packages/django/template/backends/django.py", line 61, in render
    return self.template.render(context)
  File "/home/a/.local/lib/python3.10/site-packages/django/template/base.py", line 175, in render
    return self._render(context)
  File "/home/a/.local/lib/python3.10/site-packages/django/template/base.py", line 167, in _render
    return self.nodelist.render(context)
  File "/home/a/.local/lib/python3.10/site-packages/django/template/base.py", line 1005, in render
    return SafeString("".join([node.render_annotated(context) for node in self]))
  File "/home/a/.local/lib/python3.10/site-packages/django/template/base.py", line 1005, in <listcomp>
    return SafeString("".join([node.render_annotated(context) for node in self]))
  File "/home/a/.local/lib/python3.10/site-packages/django/template/base.py", line 966, in render_annotated
    return self.render(context)
  File "/home/a/.local/lib/python3.10/site-packages/django/template/loader_tags.py", line 157, in render
    return compiled_parent._render(context)
  File "/home/a/.local/lib/python3.10/site-packages/django/template/base.py", line 167, in _render
    return self.nodelist.render(context)
  File "/home/a/.local/lib/python3.10/site-packages/django/template/base.py", line 1005, in render
    return SafeString("".join([node.render_annotated(context) for node in self]))
  File "/home/a/.local/lib/python3.10/site-packages/django/template/base.py", line 1005, in <listcomp>
    return SafeString("".join([node.render_annotated(context) for node in self]))
  File "/home/a/.local/lib/python3.10/site-packages/django/template/base.py", line 966, in render_annotated
    return self.render(context)
  File "/home/a/.local/lib/python3.10/site-packages/django/template/loader_tags.py", line 63, in render
    result = block.nodelist.render(context)
  File "/home/a/.local/lib/python3.10/site-packages/django/template/base.py", line 1005, in render
    return SafeString("".join([node.render_annotated(context) for node in self]))
  File "/home/a/.local/lib/python3.10/site-packages/django/template/base.py", line 1005, in <listcomp>
    return SafeString("".join([node.render_annotated(context) for node in self]))
  File "/home/a/.local/lib/python3.10/site-packages/django/template/base.py", line 966, in render_annotated
    return self.render(context)
  File "/home/a/.local/lib/python3.10/site-packages/django/template/base.py", line 1064, in render
    output = self.filter_expression.resolve(context)
  File "/home/a/.local/lib/python3.10/site-packages/django/template/base.py", line 715, in resolve
    obj = self.var.resolve(context)
  File "/home/a/.local/lib/python3.10/site-packages/django/template/base.py", line 847, in resolve
    value = self._resolve_lookup(context)
  File "/home/a/.local/lib/python3.10/site-packages/django/template/base.py", line 890, in _resolve_lookup
    current = getattr(current, bit)
  File "/home/a/.local/lib/python3.10/site-packages/django/db/models/fields/files.py", line 65, in url
    self._require_file()
  File "/home/a/.local/lib/python3.10/site-packages/django/db/models/fields/files.py", line 40, in _require_file
    raise ValueError(
ValueError: The 'scheme' attribute has no file associated with it.
2024-03-10 10:12:48,021 - Not Found: /favicon.ico
2024-03-10 10:14:57,776 - Not Found: /products/consono-accessory-velutto-32/schemes/inst.svg
2024-03-10 10:37:02,363 - Not Found: /media/
2024-03-10 10:37:04,528 - Internal Server Error: /products/consono-arm-cambridge-600/
Traceback (most recent call last):
  File "/home/a/.local/lib/python3.10/site-packages/django/template/base.py", line 880, in _resolve_lookup
    current = current[bit]
TypeError: 'FieldFile' object is not subscriptable

During handling of the above exception, another exception occurred:

Traceback (most recent call last):
  File "/home/a/.local/lib/python3.10/site-packages/django/core/handlers/exception.py", line 56, in inner
    response = get_response(request)
  File "/home/a/.local/lib/python3.10/site-packages/django/core/handlers/base.py", line 197, in _get_response
    response = wrapped_callback(request, *callback_args, **callback_kwargs)
  File "/home/a/deco_dj/product/views.py", line 93, in single_product
    return render(request, 'product/single_product.html', {
  File "/home/a/.local/lib/python3.10/site-packages/django/shortcuts.py", line 24, in render
    content = loader.render_to_string(template_name, context, request, using=using)
  File "/home/a/.local/lib/python3.10/site-packages/django/template/loader.py", line 62, in render_to_string
    return template.render(context, request)
  File "/home/a/.local/lib/python3.10/site-packages/django/template/backends/django.py", line 61, in render
    return self.template.render(context)
  File "/home/a/.local/lib/python3.10/site-packages/django/template/base.py", line 175, in render
    return self._render(context)
  File "/home/a/.local/lib/python3.10/site-packages/django/template/base.py", line 167, in _render
    return self.nodelist.render(context)
  File "/home/a/.local/lib/python3.10/site-packages/django/template/base.py", line 1005, in render
    return SafeString("".join([node.render_annotated(context) for node in self]))
  File "/home/a/.local/lib/python3.10/site-packages/django/template/base.py", line 1005, in <listcomp>
    return SafeString("".join([node.render_annotated(context) for node in self]))
  File "/home/a/.local/lib/python3.10/site-packages/django/template/base.py", line 966, in render_annotated
    return self.render(context)
  File "/home/a/.local/lib/python3.10/site-packages/django/template/loader_tags.py", line 157, in render
    return compiled_parent._render(context)
  File "/home/a/.local/lib/python3.10/site-packages/django/template/base.py", line 167, in _render
    return self.nodelist.render(context)
  File "/home/a/.local/lib/python3.10/site-packages/django/template/base.py", line 1005, in render
    return SafeString("".join([node.render_annotated(context) for node in self]))
  File "/home/a/.local/lib/python3.10/site-packages/django/template/base.py", line 1005, in <listcomp>
    return SafeString("".join([node.render_annotated(context) for node in self]))
  File "/home/a/.local/lib/python3.10/site-packages/django/template/base.py", line 966, in render_annotated
    return self.render(context)
  File "/home/a/.local/lib/python3.10/site-packages/django/template/loader_tags.py", line 63, in render
    result = block.nodelist.render(context)
  File "/home/a/.local/lib/python3.10/site-packages/django/template/base.py", line 1005, in render
    return SafeString("".join([node.render_annotated(context) for node in self]))
  File "/home/a/.local/lib/python3.10/site-packages/django/template/base.py", line 1005, in <listcomp>
    return SafeString("".join([node.render_annotated(context) for node in self]))
  File "/home/a/.local/lib/python3.10/site-packages/django/template/base.py", line 966, in render_annotated
    return self.render(context)
  File "/home/a/.local/lib/python3.10/site-packages/django/template/base.py", line 1064, in render
    output = self.filter_expression.resolve(context)
  File "/home/a/.local/lib/python3.10/site-packages/django/template/base.py", line 715, in resolve
    obj = self.var.resolve(context)
  File "/home/a/.local/lib/python3.10/site-packages/django/template/base.py", line 847, in resolve
    value = self._resolve_lookup(context)
  File "/home/a/.local/lib/python3.10/site-packages/django/template/base.py", line 890, in _resolve_lookup
    current = getattr(current, bit)
  File "/home/a/.local/lib/python3.10/site-packages/django/db/models/fields/files.py", line 65, in url
    self._require_file()
  File "/home/a/.local/lib/python3.10/site-packages/django/db/models/fields/files.py", line 40, in _require_file
    raise ValueError(
ValueError: The 'scheme' attribute has no file associated with it.
2024-03-10 10:37:04,682 - Not Found: /favicon.ico
2024-03-10 12:09:33,115 - Internal Server Error: /admin/product/product/30/change/
Traceback (most recent call last):
  File "/home/a/.local/lib/python3.10/site-packages/django/contrib/admin/options.py", line 807, in get_form
    return modelform_factory(self.model, **defaults)
  File "/home/a/.local/lib/python3.10/site-packages/django/forms/models.py", line 648, in modelform_factory
    return type(form)(class_name, (form,), form_class_attrs)
  File "/home/a/.local/lib/python3.10/site-packages/django/forms/models.py", line 327, in __new__
    raise FieldError(message)
django.core.exceptions.FieldError: Unknown field(s) (popover_img) specified for Product

During handling of the above exception, another exception occurred:

Traceback (most recent call last):
  File "/home/a/.local/lib/python3.10/site-packages/django/core/handlers/exception.py", line 56, in inner
    response = get_response(request)
  File "/home/a/.local/lib/python3.10/site-packages/django/core/handlers/base.py", line 197, in _get_response
    response = wrapped_callback(request, *callback_args, **callback_kwargs)
  File "/home/a/.local/lib/python3.10/site-packages/django/contrib/admin/options.py", line 686, in wrapper
    return self.admin_site.admin_view(view)(*args, **kwargs)
  File "/home/a/.local/lib/python3.10/site-packages/django/utils/decorators.py", line 134, in _wrapped_view
    response = view_func(request, *args, **kwargs)
  File "/home/a/.local/lib/python3.10/site-packages/django/views/decorators/cache.py", line 62, in _wrapped_view_func
    response = view_func(request, *args, **kwargs)
  File "/home/a/.local/lib/python3.10/site-packages/django/contrib/admin/sites.py", line 242, in inner
    return view(request, *args, **kwargs)
  File "/home/a/.local/lib/python3.10/site-packages/django/contrib/admin/options.py", line 1894, in change_view
    return self.changeform_view(request, object_id, form_url, extra_context)
  File "/home/a/.local/lib/python3.10/site-packages/django/utils/decorators.py", line 46, in _wrapper
    return bound_method(*args, **kwargs)
  File "/home/a/.local/lib/python3.10/site-packages/django/utils/decorators.py", line 134, in _wrapped_view
    response = view_func(request, *args, **kwargs)
  File "/home/a/.local/lib/python3.10/site-packages/django/contrib/admin/options.py", line 1751, in changeform_view
    return self._changeform_view(request, object_id, form_url, extra_context)
  File "/home/a/.local/lib/python3.10/site-packages/django/contrib/admin/options.py", line 1787, in _changeform_view
    ModelForm = self.get_form(
  File "/home/a/.local/lib/python3.10/site-packages/django/contrib/admin/options.py", line 809, in get_form
    raise FieldError(
django.core.exceptions.FieldError: Unknown field(s) (popover_img) specified for Product. Check fields/fieldsets/exclude attributes of class ProductAdmin.
2024-03-10 12:09:33,261 - Not Found: /favicon.ico
2024-03-10 12:09:38,939 - Internal Server Error: /admin/product/product/30/change/
Traceback (most recent call last):
  File "/home/a/.local/lib/python3.10/site-packages/django/contrib/admin/options.py", line 807, in get_form
    return modelform_factory(self.model, **defaults)
  File "/home/a/.local/lib/python3.10/site-packages/django/forms/models.py", line 648, in modelform_factory
    return type(form)(class_name, (form,), form_class_attrs)
  File "/home/a/.local/lib/python3.10/site-packages/django/forms/models.py", line 327, in __new__
    raise FieldError(message)
django.core.exceptions.FieldError: Unknown field(s) (popover_img) specified for Product

During handling of the above exception, another exception occurred:

Traceback (most recent call last):
  File "/home/a/.local/lib/python3.10/site-packages/django/core/handlers/exception.py", line 56, in inner
    response = get_response(request)
  File "/home/a/.local/lib/python3.10/site-packages/django/core/handlers/base.py", line 197, in _get_response
    response = wrapped_callback(request, *callback_args, **callback_kwargs)
  File "/home/a/.local/lib/python3.10/site-packages/django/contrib/admin/options.py", line 686, in wrapper
    return self.admin_site.admin_view(view)(*args, **kwargs)
  File "/home/a/.local/lib/python3.10/site-packages/django/utils/decorators.py", line 134, in _wrapped_view
    response = view_func(request, *args, **kwargs)
  File "/home/a/.local/lib/python3.10/site-packages/django/views/decorators/cache.py", line 62, in _wrapped_view_func
    response = view_func(request, *args, **kwargs)
  File "/home/a/.local/lib/python3.10/site-packages/django/contrib/admin/sites.py", line 242, in inner
    return view(request, *args, **kwargs)
  File "/home/a/.local/lib/python3.10/site-packages/django/contrib/admin/options.py", line 1894, in change_view
    return self.changeform_view(request, object_id, form_url, extra_context)
  File "/home/a/.local/lib/python3.10/site-packages/django/utils/decorators.py", line 46, in _wrapper
    return bound_method(*args, **kwargs)
  File "/home/a/.local/lib/python3.10/site-packages/django/utils/decorators.py", line 134, in _wrapped_view
    response = view_func(request, *args, **kwargs)
  File "/home/a/.local/lib/python3.10/site-packages/django/contrib/admin/options.py", line 1751, in changeform_view
    return self._changeform_view(request, object_id, form_url, extra_context)
  File "/home/a/.local/lib/python3.10/site-packages/django/contrib/admin/options.py", line 1787, in _changeform_view
    ModelForm = self.get_form(
  File "/home/a/.local/lib/python3.10/site-packages/django/contrib/admin/options.py", line 809, in get_form
    raise FieldError(
django.core.exceptions.FieldError: Unknown field(s) (popover_img) specified for Product. Check fields/fieldsets/exclude attributes of class ProductAdmin.
2024-03-10 12:16:58,546 - Internal Server Error: /admin/product/product/21/change/
Traceback (most recent call last):
  File "/home/a/.local/lib/python3.10/site-packages/django/contrib/admin/options.py", line 807, in get_form
    return modelform_factory(self.model, **defaults)
  File "/home/a/.local/lib/python3.10/site-packages/django/forms/models.py", line 648, in modelform_factory
    return type(form)(class_name, (form,), form_class_attrs)
  File "/home/a/.local/lib/python3.10/site-packages/django/forms/models.py", line 327, in __new__
    raise FieldError(message)
django.core.exceptions.FieldError: Unknown field(s) (popover_img) specified for Product

During handling of the above exception, another exception occurred:

Traceback (most recent call last):
  File "/home/a/.local/lib/python3.10/site-packages/django/core/handlers/exception.py", line 56, in inner
    response = get_response(request)
  File "/home/a/.local/lib/python3.10/site-packages/django/core/handlers/base.py", line 197, in _get_response
    response = wrapped_callback(request, *callback_args, **callback_kwargs)
  File "/home/a/.local/lib/python3.10/site-packages/django/contrib/admin/options.py", line 686, in wrapper
    return self.admin_site.admin_view(view)(*args, **kwargs)
  File "/home/a/.local/lib/python3.10/site-packages/django/utils/decorators.py", line 134, in _wrapped_view
    response = view_func(request, *args, **kwargs)
  File "/home/a/.local/lib/python3.10/site-packages/django/views/decorators/cache.py", line 62, in _wrapped_view_func
    response = view_func(request, *args, **kwargs)
  File "/home/a/.local/lib/python3.10/site-packages/django/contrib/admin/sites.py", line 242, in inner
    return view(request, *args, **kwargs)
  File "/home/a/.local/lib/python3.10/site-packages/django/contrib/admin/options.py", line 1894, in change_view
    return self.changeform_view(request, object_id, form_url, extra_context)
  File "/home/a/.local/lib/python3.10/site-packages/django/utils/decorators.py", line 46, in _wrapper
    return bound_method(*args, **kwargs)
  File "/home/a/.local/lib/python3.10/site-packages/django/utils/decorators.py", line 134, in _wrapped_view
    response = view_func(request, *args, **kwargs)
  File "/home/a/.local/lib/python3.10/site-packages/django/contrib/admin/options.py", line 1751, in changeform_view
    return self._changeform_view(request, object_id, form_url, extra_context)
  File "/home/a/.local/lib/python3.10/site-packages/django/contrib/admin/options.py", line 1787, in _changeform_view
    ModelForm = self.get_form(
  File "/home/a/.local/lib/python3.10/site-packages/django/contrib/admin/options.py", line 809, in get_form
    raise FieldError(
django.core.exceptions.FieldError: Unknown field(s) (popover_img) specified for Product. Check fields/fieldsets/exclude attributes of class ProductAdmin.
2024-03-10 12:27:26,150 - /home/a/deco_dj/product/models.py changed, reloading.
2024-03-10 12:37:49,949 - Not Found: /media/
2024-03-10 12:37:50,091 - Not Found: /media/
2024-03-10 12:40:11,850 - Not Found: /media/
2024-03-13 21:24:37,300 - Not Found: /products/consono-accessory-pixel-forest/
2024-03-13 21:24:37,487 - Not Found: /favicon.ico
2024-03-13 21:28:44,091 - Not Found: /products/consono-arm-velutto-32/
2024-03-13 21:28:51,924 - Not Found: /media/
2024-03-13 21:28:55,365 - Not Found: /products/consono-arm-pixel-forest/
2024-03-13 21:29:03,416 - Not Found: /products/consono-arm-velutto-32/
2024-03-13 21:29:33,001 - /home/a/deco_dj/product/models.py changed, reloading.
2024-03-14 13:02:32,007 - /home/a/deco_dj/freee_dj/settings/base.py changed, reloading.
2024-03-14 13:02:51,710 - /home/a/deco_dj/freee_dj/settings/base.py changed, reloading.
2024-03-14 13:03:07,332 - /home/a/deco_dj/freee_dj/settings/base.py changed, reloading.
2024-03-14 13:03:10,817 - /home/a/deco_dj/freee_dj/settings/base.py changed, reloading.
2024-03-14 13:03:29,508 - /home/a/deco_dj/orders/views.py changed, reloading.
2024-03-14 13:03:54,508 - Mail to manager send successfully
2024-03-14 13:03:54,592 - Mail to client send successfully to human.coin.order@gmail.com
2024-03-14 13:14:44,954 - /home/a/deco_dj/freee_dj/settings/base.py changed, reloading.
2024-03-14 13:14:50,458 - /home/a/deco_dj/freee_dj/settings/base.py changed, reloading.
2024-03-14 13:14:55,087 - Not Found: /media/pages_hats/delivery_hat.jpg
2024-03-14 13:14:55,171 - Not Found: /media/pages_hats/delivery_hat.jpg
2024-03-14 13:15:03,963 - Not Found: /media/
2024-03-14 13:15:04,101 - Not Found: /media/
2024-03-14 13:15:27,678 - Mail to manager send successfully
2024-03-14 13:15:28,431 - Mail to client send successfully to human.coin.order@gmail.com
2024-03-14 13:19:04,441 - /home/a/deco_dj/freee_dj/settings/base.py changed, reloading.
2024-03-14 13:19:12,072 - /home/a/deco_dj/freee_dj/settings/base.py changed, reloading.
2024-03-14 13:19:16,767 - Not Found: /media/
2024-03-14 13:19:16,897 - Not Found: /media/
2024-03-14 13:19:39,538 - Mail to manager send successfully
2024-03-14 13:19:42,384 - Mail to client send successfully to human.coin.order@gmail.com
2024-03-14 13:20:02,824 - /home/a/deco_dj/freee_dj/settings/base.py changed, reloading.
2024-03-14 13:24:40,356 - /home/a/deco_dj/freee_dj/settings/base.py changed, reloading.
2024-03-14 13:24:58,989 - Not Found: /media/
2024-03-14 13:24:59,112 - Not Found: /media/
2024-03-14 13:25:16,691 - Not Found: /products/consono-arm-pixel-forest/
2024-03-14 13:25:16,924 - Not Found: /favicon.ico
2024-03-14 13:25:31,463 - Not Found: /products/consono-mod1-jazz-21/
2024-03-14 13:26:34,584 - Mail to manager send successfully
2024-03-14 13:26:37,365 - Mail to client send successfully to human.coin.order@gmail.com
2024-03-14 13:28:12,946 - /home/a/deco_dj/freee_dj/settings/base.py changed, reloading.
2024-03-14 13:28:21,511 - /home/a/deco_dj/orders/views.py changed, reloading.
2024-03-14 13:28:29,225 - Not Found: /media/
2024-03-14 13:28:29,361 - Not Found: /media/
2024-03-14 13:28:47,997 - Mail to manager send successfully
2024-03-14 13:28:51,052 - Mail to client send successfully to human.coin.order@gmail.com
2024-03-14 13:31:30,626 - /home/a/deco_dj/freee_dj/settings/base.py changed, reloading.
2024-03-14 13:31:49,145 - Not Found: /media/
2024-03-14 13:31:49,277 - Not Found: /media/
2024-03-14 13:32:18,002 - Mail to manager send successfully
2024-03-14 13:32:20,778 - Mail to client send successfully to komy.kabachok@yandex.ru
2024-03-14 13:35:26,912 - /home/a/deco_dj/freee_dj/settings/base.py changed, reloading.
2024-03-14 13:35:43,595 - Not Found: /media/
2024-03-14 13:35:43,728 - Not Found: /media/
2024-03-14 13:35:58,998 - Mail to manager send successfully
2024-03-14 13:35:59,082 - Mail to client send successfully to komy.kabachok@yandex.ru
2024-03-14 13:37:31,895 - /home/a/deco_dj/freee_dj/settings/base.py changed, reloading.
2024-03-14 13:38:12,020 - /home/a/deco_dj/freee_dj/settings/base.py changed, reloading.
2024-03-14 13:38:31,793 - /home/a/deco_dj/freee_dj/settings/base.py changed, reloading.
2024-03-14 13:38:41,396 - /home/a/deco_dj/orders/views.py changed, reloading.
2024-03-14 13:39:29,218 - Mail to manager send successfully
2024-03-14 13:39:31,891 - Mail to client send successfully to komy.kabachok@yandex.ru
2024-03-14 13:44:45,738 - /home/a/deco_dj/freee_dj/settings/base.py changed, reloading.
2024-03-14 13:46:02,478 - /home/a/deco_dj/freee_dj/settings/base.py changed, reloading.
2024-03-14 13:46:41,503 - /home/a/deco_dj/orders/views.py changed, reloading.
2024-03-14 13:46:53,024 - /home/a/deco_dj/orders/views.py changed, reloading.
2024-03-14 13:47:38,215 - /home/a/deco_dj/freee_dj/settings/base.py changed, reloading.
2024-03-14 13:47:47,777 - /home/a/deco_dj/freee_dj/settings/base.py changed, reloading.
2024-03-14 13:47:54,174 - /home/a/deco_dj/freee_dj/settings/base.py changed, reloading.
2024-03-14 13:50:06,921 - /home/a/deco_dj/freee_dj/settings/base.py changed, reloading.
2024-03-14 13:54:12,319 - Mail to manager send successfully
2024-03-14 13:54:14,981 - Mail to client send successfully to komy.kabachok@yandex.ru
2024-03-14 13:54:49,961 - /home/a/deco_dj/freee_dj/settings/base.py changed, reloading.
2024-03-14 13:55:37,106 - Not Found: /media/
2024-03-14 13:55:52,503 - Mail to manager send successfully
2024-03-14 13:55:53,135 - Mail to client send successfully to komy.kabachok@yandex.ru
2024-03-14 13:56:19,228 - /home/a/deco_dj/freee_dj/settings/base.py changed, reloading.
2024-03-14 14:01:03,402 - /home/a/deco_dj/freee_dj/settings/base.py changed, reloading.
2024-03-14 14:05:49,832 - /home/a/deco_dj/freee_dj/settings/base.py changed, reloading.
2024-03-14 14:06:25,455 - Mail to manager send successfully
2024-03-14 14:06:28,170 - Mail to client send successfully to komy.kabachok@yandex.ru
2024-03-14 15:47:47,164 - /home/a/deco_dj/product/models.py changed, reloading.
2024-03-14 23:20:06,212 - Internal Server Error: /admin/product/product/add/
Traceback (most recent call last):
  File "/home/a/.local/lib/python3.10/site-packages/django/db/backends/utils.py", line 89, in _execute
    return self.cursor.execute(sql, params)
  File "/home/a/.local/lib/python3.10/site-packages/django/db/backends/sqlite3/base.py", line 357, in execute
    return Database.Cursor.execute(self, query, params)
sqlite3.IntegrityError: NOT NULL constraint failed: product_product.price

The above exception was the direct cause of the following exception:

Traceback (most recent call last):
  File "/home/a/.local/lib/python3.10/site-packages/django/core/handlers/exception.py", line 56, in inner
    response = get_response(request)
  File "/home/a/.local/lib/python3.10/site-packages/django/core/handlers/base.py", line 197, in _get_response
    response = wrapped_callback(request, *callback_args, **callback_kwargs)
  File "/home/a/.local/lib/python3.10/site-packages/django/contrib/admin/options.py", line 686, in wrapper
    return self.admin_site.admin_view(view)(*args, **kwargs)
  File "/home/a/.local/lib/python3.10/site-packages/django/utils/decorators.py", line 134, in _wrapped_view
    response = view_func(request, *args, **kwargs)
  File "/home/a/.local/lib/python3.10/site-packages/django/views/decorators/cache.py", line 62, in _wrapped_view_func
    response = view_func(request, *args, **kwargs)
  File "/home/a/.local/lib/python3.10/site-packages/django/contrib/admin/sites.py", line 242, in inner
    return view(request, *args, **kwargs)
  File "/home/a/.local/lib/python3.10/site-packages/django/contrib/admin/options.py", line 1891, in add_view
    return self.changeform_view(request, None, form_url, extra_context)
  File "/home/a/.local/lib/python3.10/site-packages/django/utils/decorators.py", line 46, in _wrapper
    return bound_method(*args, **kwargs)
  File "/home/a/.local/lib/python3.10/site-packages/django/utils/decorators.py", line 134, in _wrapped_view
    response = view_func(request, *args, **kwargs)
  File "/home/a/.local/lib/python3.10/site-packages/django/contrib/admin/options.py", line 1751, in changeform_view
    return self._changeform_view(request, object_id, form_url, extra_context)
  File "/home/a/.local/lib/python3.10/site-packages/django/contrib/admin/options.py", line 1803, in _changeform_view
    self.save_model(request, new_object, form, not add)
  File "/home/a/.local/lib/python3.10/site-packages/django/contrib/admin/options.py", line 1226, in save_model
    obj.save()
  File "/home/a/deco_dj/product/models.py", line 356, in save
    super().save(*args, **kwargs)
  File "/home/a/.local/lib/python3.10/site-packages/django/db/models/base.py", line 812, in save
    self.save_base(
  File "/home/a/.local/lib/python3.10/site-packages/django/db/models/base.py", line 863, in save_base
    updated = self._save_table(
  File "/home/a/.local/lib/python3.10/site-packages/django/db/models/base.py", line 1006, in _save_table
    results = self._do_insert(
  File "/home/a/.local/lib/python3.10/site-packages/django/db/models/base.py", line 1047, in _do_insert
    return manager._insert(
  File "/home/a/.local/lib/python3.10/site-packages/django/db/models/manager.py", line 85, in manager_method
    return getattr(self.get_queryset(), name)(*args, **kwargs)
  File "/home/a/.local/lib/python3.10/site-packages/django/db/models/query.py", line 1791, in _insert
    return query.get_compiler(using=using).execute_sql(returning_fields)
  File "/home/a/.local/lib/python3.10/site-packages/django/db/models/sql/compiler.py", line 1660, in execute_sql
    cursor.execute(sql, params)
  File "/home/a/.local/lib/python3.10/site-packages/django/db/backends/utils.py", line 102, in execute
    return super().execute(sql, params)
  File "/home/a/.local/lib/python3.10/site-packages/django/db/backends/utils.py", line 67, in execute
    return self._execute_with_wrappers(
  File "/home/a/.local/lib/python3.10/site-packages/django/db/backends/utils.py", line 80, in _execute_with_wrappers
    return executor(sql, params, many, context)
  File "/home/a/.local/lib/python3.10/site-packages/django/db/backends/utils.py", line 84, in _execute
    with self.db.wrap_database_errors:
  File "/home/a/.local/lib/python3.10/site-packages/django/db/utils.py", line 91, in __exit__
    raise dj_exc_value.with_traceback(traceback) from exc_value
  File "/home/a/.local/lib/python3.10/site-packages/django/db/backends/utils.py", line 89, in _execute
    return self.cursor.execute(sql, params)
  File "/home/a/.local/lib/python3.10/site-packages/django/db/backends/sqlite3/base.py", line 357, in execute
    return Database.Cursor.execute(self, query, params)
django.db.utils.IntegrityError: NOT NULL constraint failed: product_product.price
2024-03-14 23:20:06,396 - Not Found: /favicon.ico
2024-03-14 23:20:53,645 - Internal Server Error: /admin/product/product/add/
Traceback (most recent call last):
  File "/home/a/.local/lib/python3.10/site-packages/django/db/backends/utils.py", line 89, in _execute
    return self.cursor.execute(sql, params)
  File "/home/a/.local/lib/python3.10/site-packages/django/db/backends/sqlite3/base.py", line 357, in execute
    return Database.Cursor.execute(self, query, params)
sqlite3.IntegrityError: NOT NULL constraint failed: product_product.popover_id

The above exception was the direct cause of the following exception:

Traceback (most recent call last):
  File "/home/a/.local/lib/python3.10/site-packages/django/core/handlers/exception.py", line 56, in inner
    response = get_response(request)
  File "/home/a/.local/lib/python3.10/site-packages/django/core/handlers/base.py", line 197, in _get_response
    response = wrapped_callback(request, *callback_args, **callback_kwargs)
  File "/home/a/.local/lib/python3.10/site-packages/django/contrib/admin/options.py", line 686, in wrapper
    return self.admin_site.admin_view(view)(*args, **kwargs)
  File "/home/a/.local/lib/python3.10/site-packages/django/utils/decorators.py", line 134, in _wrapped_view
    response = view_func(request, *args, **kwargs)
  File "/home/a/.local/lib/python3.10/site-packages/django/views/decorators/cache.py", line 62, in _wrapped_view_func
    response = view_func(request, *args, **kwargs)
  File "/home/a/.local/lib/python3.10/site-packages/django/contrib/admin/sites.py", line 242, in inner
    return view(request, *args, **kwargs)
  File "/home/a/.local/lib/python3.10/site-packages/django/contrib/admin/options.py", line 1891, in add_view
    return self.changeform_view(request, None, form_url, extra_context)
  File "/home/a/.local/lib/python3.10/site-packages/django/utils/decorators.py", line 46, in _wrapper
    return bound_method(*args, **kwargs)
  File "/home/a/.local/lib/python3.10/site-packages/django/utils/decorators.py", line 134, in _wrapped_view
    response = view_func(request, *args, **kwargs)
  File "/home/a/.local/lib/python3.10/site-packages/django/contrib/admin/options.py", line 1751, in changeform_view
    return self._changeform_view(request, object_id, form_url, extra_context)
  File "/home/a/.local/lib/python3.10/site-packages/django/contrib/admin/options.py", line 1803, in _changeform_view
    self.save_model(request, new_object, form, not add)
  File "/home/a/.local/lib/python3.10/site-packages/django/contrib/admin/options.py", line 1226, in save_model
    obj.save()
  File "/home/a/deco_dj/product/models.py", line 356, in save
    super().save(*args, **kwargs)
  File "/home/a/.local/lib/python3.10/site-packages/django/db/models/base.py", line 812, in save
    self.save_base(
  File "/home/a/.local/lib/python3.10/site-packages/django/db/models/base.py", line 863, in save_base
    updated = self._save_table(
  File "/home/a/.local/lib/python3.10/site-packages/django/db/models/base.py", line 1006, in _save_table
    results = self._do_insert(
  File "/home/a/.local/lib/python3.10/site-packages/django/db/models/base.py", line 1047, in _do_insert
    return manager._insert(
  File "/home/a/.local/lib/python3.10/site-packages/django/db/models/manager.py", line 85, in manager_method
    return getattr(self.get_queryset(), name)(*args, **kwargs)
  File "/home/a/.local/lib/python3.10/site-packages/django/db/models/query.py", line 1791, in _insert
    return query.get_compiler(using=using).execute_sql(returning_fields)
  File "/home/a/.local/lib/python3.10/site-packages/django/db/models/sql/compiler.py", line 1660, in execute_sql
    cursor.execute(sql, params)
  File "/home/a/.local/lib/python3.10/site-packages/django/db/backends/utils.py", line 102, in execute
    return super().execute(sql, params)
  File "/home/a/.local/lib/python3.10/site-packages/django/db/backends/utils.py", line 67, in execute
    return self._execute_with_wrappers(
  File "/home/a/.local/lib/python3.10/site-packages/django/db/backends/utils.py", line 80, in _execute_with_wrappers
    return executor(sql, params, many, context)
  File "/home/a/.local/lib/python3.10/site-packages/django/db/backends/utils.py", line 84, in _execute
    with self.db.wrap_database_errors:
  File "/home/a/.local/lib/python3.10/site-packages/django/db/utils.py", line 91, in __exit__
    raise dj_exc_value.with_traceback(traceback) from exc_value
  File "/home/a/.local/lib/python3.10/site-packages/django/db/backends/utils.py", line 89, in _execute
    return self.cursor.execute(sql, params)
  File "/home/a/.local/lib/python3.10/site-packages/django/db/backends/sqlite3/base.py", line 357, in execute
    return Database.Cursor.execute(self, query, params)
django.db.utils.IntegrityError: NOT NULL constraint failed: product_product.popover_id
2024-03-15 00:39:25,389 - Not Found: /media/
2024-03-15 00:39:35,275 - Not Found: /categories/corner/
2024-03-15 00:39:35,422 - Not Found: /favicon.ico
2024-03-15 00:39:42,451 - Not Found: /favicon.ico
2024-03-15 00:39:57,699 - Not Found: /media/
2024-03-15 00:40:02,310 - Not Found: /favicon.ico
2024-03-15 00:40:03,085 - Not Found: /categories/corner/
2024-03-15 00:40:56,178 - Not Found: /media/
2024-03-15 00:40:56,329 - Not Found: /media/
2024-03-15 08:58:59,198 - Not Found: /media/
2024-03-15 08:59:02,235 - Not Found: /media/
2024-03-15 08:59:06,199 - Not Found: /media/
2024-03-15 08:59:19,642 - Mail to manager send successfully
2024-03-15 08:59:22,397 - Mail to client send successfully to human.coin.order@gmail.com
2024-03-15 08:59:46,651 - /home/a/deco_dj/freee_dj/settings/base.py changed, reloading.
2024-03-15 09:00:39,632 - /home/a/deco_dj/freee_dj/settings/base.py changed, reloading.
2024-03-15 09:00:59,684 - Not Found: /media/
2024-03-15 09:00:59,729 - Not Found: /media/
2024-03-15 09:01:01,175 - Not Found: /media/
2024-03-15 09:01:01,231 - Not Found: /media/
2024-03-15 09:01:05,166 - Not Found: /media/
2024-03-15 09:01:05,207 - Not Found: /media/
2024-03-15 09:01:21,806 - Mail to manager send successfully
2024-03-15 09:01:24,447 - Mail to client send successfully to human.coin.order@gmail.com
2024-03-15 09:01:45,884 - Not Found: /media/
2024-03-15 09:01:45,926 - Not Found: /media/
2024-03-15 09:01:48,407 - Not Found: /media/
2024-03-15 09:01:48,470 - Not Found: /media/
2024-03-15 09:01:52,668 - Not Found: /media/
2024-03-15 09:01:55,114 - Not Found: /media/
2024-03-15 09:01:55,279 - Not Found: /media/
2024-03-15 09:02:12,165 - Mail to manager send successfully
2024-03-15 09:02:15,920 - Mail to client send successfully to fflaminfo@gmail.com
2024-03-15 09:03:12,493 - Not Found: /categories/corner/
2024-03-15 09:03:16,236 - Not Found: /media/
2024-03-15 09:03:16,274 - Not Found: /media/
2024-03-15 09:03:17,596 - Not Found: /media/
2024-03-15 09:03:17,654 - Not Found: /media/
2024-03-15 09:03:21,614 - Not Found: /media/
2024-03-15 09:03:45,444 - Mail to manager send successfully
2024-03-15 09:03:48,820 - Mail to client send successfully to to.the.neizvestnost@yandex.ru
2024-03-15 09:11:10,752 - /home/a/deco_dj/freee_dj/settings/base.py changed, reloading.
2024-03-15 09:11:19,449 - Not Found: /categories/corner/
2024-03-15 09:11:22,091 - Not Found: /media/
2024-03-15 09:11:23,501 - Not Found: /media/
2024-03-15 09:11:27,255 - Not Found: /media/
2024-03-15 09:11:27,298 - Not Found: /media/
2024-03-15 09:11:40,250 - Mail to manager send successfully
2024-03-15 09:11:42,775 - Mail to client send successfully to to.the.neizvestnost@yandex.ru
2024-03-15 09:15:50,157 - /home/a/deco_dj/freee_dj/settings/base.py changed, reloading.
2024-03-15 09:15:53,212 - /home/a/deco_dj/freee_dj/settings/base.py changed, reloading.
2024-03-15 09:20:51,574 - /home/a/deco_dj/orders/views.py changed, reloading.
2024-03-15 10:55:18,167 - Not Found: /media/
2024-03-15 10:55:21,066 - Not Found: /media/
2024-03-15 10:56:24,371 - Internal Server Error: /products/consono-arm-jazz-21/
Traceback (most recent call last):
  File "/home/a/.local/lib/python3.10/site-packages/django/core/handlers/exception.py", line 56, in inner
    response = get_response(request)
  File "/home/a/.local/lib/python3.10/site-packages/django/core/handlers/base.py", line 197, in _get_response
    response = wrapped_callback(request, *callback_args, **callback_kwargs)
  File "/home/a/deco_dj/product/views.py", line 99, in single_product
    return render(request, 'product/single_product.html', {
  File "/home/a/.local/lib/python3.10/site-packages/django/shortcuts.py", line 24, in render
    content = loader.render_to_string(template_name, context, request, using=using)
  File "/home/a/.local/lib/python3.10/site-packages/django/template/loader.py", line 61, in render_to_string
    template = get_template(template_name, using=using)
  File "/home/a/.local/lib/python3.10/site-packages/django/template/loader.py", line 15, in get_template
    return engine.get_template(template_name)
  File "/home/a/.local/lib/python3.10/site-packages/django/template/backends/django.py", line 33, in get_template
    return Template(self.engine.get_template(template_name), self)
  File "/home/a/.local/lib/python3.10/site-packages/django/template/engine.py", line 175, in get_template
    template, origin = self.find_template(template_name)
  File "/home/a/.local/lib/python3.10/site-packages/django/template/engine.py", line 157, in find_template
    template = loader.get_template(name, skip=skip)
  File "/home/a/.local/lib/python3.10/site-packages/django/template/loaders/cached.py", line 57, in get_template
    template = super().get_template(template_name, skip)
  File "/home/a/.local/lib/python3.10/site-packages/django/template/loaders/base.py", line 28, in get_template
    return Template(
  File "/home/a/.local/lib/python3.10/site-packages/django/template/base.py", line 154, in __init__
    self.nodelist = self.compile_nodelist()
  File "/home/a/.local/lib/python3.10/site-packages/django/template/base.py", line 200, in compile_nodelist
    return parser.parse()
  File "/home/a/.local/lib/python3.10/site-packages/django/template/base.py", line 513, in parse
    raise self.error(token, e)
  File "/home/a/.local/lib/python3.10/site-packages/django/template/base.py", line 511, in parse
    compiled_result = compile_func(self, token)
  File "/home/a/.local/lib/python3.10/site-packages/django/template/loader_tags.py", line 293, in do_extends
    nodelist = parser.parse()
  File "/home/a/.local/lib/python3.10/site-packages/django/template/base.py", line 513, in parse
    raise self.error(token, e)
  File "/home/a/.local/lib/python3.10/site-packages/django/template/base.py", line 511, in parse
    compiled_result = compile_func(self, token)
  File "/home/a/.local/lib/python3.10/site-packages/django/template/loader_tags.py", line 232, in do_block
    nodelist = parser.parse(("endblock",))
  File "/home/a/.local/lib/python3.10/site-packages/django/template/base.py", line 513, in parse
    raise self.error(token, e)
  File "/home/a/.local/lib/python3.10/site-packages/django/template/base.py", line 511, in parse
    compiled_result = compile_func(self, token)
  File "/home/a/.local/lib/python3.10/site-packages/django/template/defaulttags.py", line 960, in do_if
    condition = TemplateIfParser(parser, bits).parse()
  File "/home/a/.local/lib/python3.10/site-packages/django/template/smartif.py", line 194, in parse
    retval = self.expression()
  File "/home/a/.local/lib/python3.10/site-packages/django/template/smartif.py", line 205, in expression
    left = t.nud(self)
  File "/home/a/.local/lib/python3.10/site-packages/django/template/smartif.py", line 148, in nud
    raise parser.error_class("Unexpected end of expression in if tag.")
django.template.exceptions.TemplateSyntaxError: Unexpected end of expression in if tag.
2024-03-15 10:56:24,600 - Not Found: /favicon.ico
2024-03-15 10:57:13,370 - Internal Server Error: /products/consono-arm-jazz-21/
Traceback (most recent call last):
  File "/home/a/.local/lib/python3.10/site-packages/django/core/handlers/exception.py", line 56, in inner
    response = get_response(request)
  File "/home/a/.local/lib/python3.10/site-packages/django/core/handlers/base.py", line 197, in _get_response
    response = wrapped_callback(request, *callback_args, **callback_kwargs)
  File "/home/a/deco_dj/product/views.py", line 99, in single_product
    return render(request, 'product/single_product.html', {
  File "/home/a/.local/lib/python3.10/site-packages/django/shortcuts.py", line 24, in render
    content = loader.render_to_string(template_name, context, request, using=using)
  File "/home/a/.local/lib/python3.10/site-packages/django/template/loader.py", line 61, in render_to_string
    template = get_template(template_name, using=using)
  File "/home/a/.local/lib/python3.10/site-packages/django/template/loader.py", line 15, in get_template
    return engine.get_template(template_name)
  File "/home/a/.local/lib/python3.10/site-packages/django/template/backends/django.py", line 33, in get_template
    return Template(self.engine.get_template(template_name), self)
  File "/home/a/.local/lib/python3.10/site-packages/django/template/engine.py", line 175, in get_template
    template, origin = self.find_template(template_name)
  File "/home/a/.local/lib/python3.10/site-packages/django/template/engine.py", line 157, in find_template
    template = loader.get_template(name, skip=skip)
  File "/home/a/.local/lib/python3.10/site-packages/django/template/loaders/cached.py", line 57, in get_template
    template = super().get_template(template_name, skip)
  File "/home/a/.local/lib/python3.10/site-packages/django/template/loaders/base.py", line 28, in get_template
    return Template(
  File "/home/a/.local/lib/python3.10/site-packages/django/template/base.py", line 154, in __init__
    self.nodelist = self.compile_nodelist()
  File "/home/a/.local/lib/python3.10/site-packages/django/template/base.py", line 200, in compile_nodelist
    return parser.parse()
  File "/home/a/.local/lib/python3.10/site-packages/django/template/base.py", line 513, in parse
    raise self.error(token, e)
  File "/home/a/.local/lib/python3.10/site-packages/django/template/base.py", line 511, in parse
    compiled_result = compile_func(self, token)
  File "/home/a/.local/lib/python3.10/site-packages/django/template/loader_tags.py", line 293, in do_extends
    nodelist = parser.parse()
  File "/home/a/.local/lib/python3.10/site-packages/django/template/base.py", line 513, in parse
    raise self.error(token, e)
  File "/home/a/.local/lib/python3.10/site-packages/django/template/base.py", line 511, in parse
    compiled_result = compile_func(self, token)
  File "/home/a/.local/lib/python3.10/site-packages/django/template/loader_tags.py", line 232, in do_block
    nodelist = parser.parse(("endblock",))
  File "/home/a/.local/lib/python3.10/site-packages/django/template/base.py", line 513, in parse
    raise self.error(token, e)
  File "/home/a/.local/lib/python3.10/site-packages/django/template/base.py", line 511, in parse
    compiled_result = compile_func(self, token)
  File "/home/a/.local/lib/python3.10/site-packages/django/template/defaulttags.py", line 960, in do_if
    condition = TemplateIfParser(parser, bits).parse()
  File "/home/a/.local/lib/python3.10/site-packages/django/template/smartif.py", line 194, in parse
    retval = self.expression()
  File "/home/a/.local/lib/python3.10/site-packages/django/template/smartif.py", line 205, in expression
    left = t.nud(self)
  File "/home/a/.local/lib/python3.10/site-packages/django/template/smartif.py", line 148, in nud
    raise parser.error_class("Unexpected end of expression in if tag.")
django.template.exceptions.TemplateSyntaxError: Unexpected end of expression in if tag.
2024-03-15 10:57:34,603 - Internal Server Error: /products/consono-arm-jazz-21/
Traceback (most recent call last):
  File "/home/a/.local/lib/python3.10/site-packages/django/core/handlers/exception.py", line 56, in inner
    response = get_response(request)
  File "/home/a/.local/lib/python3.10/site-packages/django/core/handlers/base.py", line 197, in _get_response
    response = wrapped_callback(request, *callback_args, **callback_kwargs)
  File "/home/a/deco_dj/product/views.py", line 99, in single_product
    return render(request, 'product/single_product.html', {
  File "/home/a/.local/lib/python3.10/site-packages/django/shortcuts.py", line 24, in render
    content = loader.render_to_string(template_name, context, request, using=using)
  File "/home/a/.local/lib/python3.10/site-packages/django/template/loader.py", line 61, in render_to_string
    template = get_template(template_name, using=using)
  File "/home/a/.local/lib/python3.10/site-packages/django/template/loader.py", line 15, in get_template
    return engine.get_template(template_name)
  File "/home/a/.local/lib/python3.10/site-packages/django/template/backends/django.py", line 33, in get_template
    return Template(self.engine.get_template(template_name), self)
  File "/home/a/.local/lib/python3.10/site-packages/django/template/engine.py", line 175, in get_template
    template, origin = self.find_template(template_name)
  File "/home/a/.local/lib/python3.10/site-packages/django/template/engine.py", line 157, in find_template
    template = loader.get_template(name, skip=skip)
  File "/home/a/.local/lib/python3.10/site-packages/django/template/loaders/cached.py", line 57, in get_template
    template = super().get_template(template_name, skip)
  File "/home/a/.local/lib/python3.10/site-packages/django/template/loaders/base.py", line 28, in get_template
    return Template(
  File "/home/a/.local/lib/python3.10/site-packages/django/template/base.py", line 154, in __init__
    self.nodelist = self.compile_nodelist()
  File "/home/a/.local/lib/python3.10/site-packages/django/template/base.py", line 200, in compile_nodelist
    return parser.parse()
  File "/home/a/.local/lib/python3.10/site-packages/django/template/base.py", line 513, in parse
    raise self.error(token, e)
  File "/home/a/.local/lib/python3.10/site-packages/django/template/base.py", line 511, in parse
    compiled_result = compile_func(self, token)
  File "/home/a/.local/lib/python3.10/site-packages/django/template/loader_tags.py", line 293, in do_extends
    nodelist = parser.parse()
  File "/home/a/.local/lib/python3.10/site-packages/django/template/base.py", line 513, in parse
    raise self.error(token, e)
  File "/home/a/.local/lib/python3.10/site-packages/django/template/base.py", line 511, in parse
    compiled_result = compile_func(self, token)
  File "/home/a/.local/lib/python3.10/site-packages/django/template/loader_tags.py", line 232, in do_block
    nodelist = parser.parse(("endblock",))
  File "/home/a/.local/lib/python3.10/site-packages/django/template/base.py", line 513, in parse
    raise self.error(token, e)
  File "/home/a/.local/lib/python3.10/site-packages/django/template/base.py", line 511, in parse
    compiled_result = compile_func(self, token)
  File "/home/a/.local/lib/python3.10/site-packages/django/template/defaulttags.py", line 960, in do_if
    condition = TemplateIfParser(parser, bits).parse()
  File "/home/a/.local/lib/python3.10/site-packages/django/template/smartif.py", line 194, in parse
    retval = self.expression()
  File "/home/a/.local/lib/python3.10/site-packages/django/template/smartif.py", line 205, in expression
    left = t.nud(self)
  File "/home/a/.local/lib/python3.10/site-packages/django/template/smartif.py", line 148, in nud
    raise parser.error_class("Unexpected end of expression in if tag.")
django.template.exceptions.TemplateSyntaxError: Unexpected end of expression in if tag.
2024-03-15 10:57:58,003 - Not Found: /media/
2024-03-15 10:57:58,087 - Not Found: /media/
2024-03-15 10:58:52,683 - Not Found: /media/
2024-03-15 10:58:52,735 - Not Found: /media/
2024-03-15 13:25:24,212 - Not Found: /media/
2024-03-15 13:25:28,800 - Not Found: /media/
2024-03-15 13:25:31,015 - Not Found: /media/
2024-03-15 13:25:44,049 - Not Found: /media/
2024-03-15 13:25:44,081 - Not Found: /media/
2024-03-15 13:26:10,185 - Mail to manager send successfully
2024-03-15 13:26:11,402 - Mail to client send successfully to to.the.neizvestnost@yandex.ru
2024-03-15 13:27:00,808 - /home/a/deco_dj/freee_dj/settings/base.py changed, reloading.
2024-03-18 08:23:50,207 - Not Found: /media/
2024-03-18 08:34:24,814 - Not Found: /media/
2024-03-18 08:34:50,968 - Not Found: /media/
2024-03-18 08:34:57,018 - Not Found: /media/
2024-03-18 08:34:58,287 - Not Found: /favicon.ico
2024-03-18 08:54:56,946 - Not Found: /media/
2024-03-18 08:55:35,083 - Not Found: /media/
2024-03-18 08:55:37,539 - Not Found: /media/
2024-03-18 08:56:26,971 - Not Found: /media/
2024-03-18 08:59:08,024 - Not Found: /media/
2024-03-18 08:59:48,886 - Not Found: /media/
2024-03-18 09:04:23,318 - Not Found: /media/
2024-03-18 09:04:27,314 - Not Found: /media/
2024-03-18 09:05:09,302 - Not Found: /media/
2024-03-18 09:05:09,426 - Not Found: /media/
2024-03-18 09:05:22,611 - Not Found: /media/
2024-03-18 09:05:22,769 - Not Found: /media/
2024-03-18 09:06:40,771 - Not Found: /media/
2024-03-18 09:06:59,219 - Not Found: /media/
2024-03-18 09:07:31,692 - Not Found: /media/
2024-03-18 09:07:50,911 - Not Found: /media/
2024-03-18 09:07:50,977 - Not Found: /media/
2024-03-18 09:08:01,010 - Not Found: /media/
2024-03-18 09:08:14,990 - Not Found: /media/
2024-03-18 09:08:34,267 - Not Found: /media/
2024-03-18 09:09:05,197 - Not Found: /media/
2024-03-18 09:09:05,333 - Not Found: /media/
2024-03-18 09:09:20,986 - Not Found: /media/
2024-03-18 09:09:36,694 - Not Found: /media/
2024-03-18 09:09:57,096 - Not Found: /media/
2024-03-18 09:09:57,242 - Not Found: /media/
2024-03-18 09:10:06,610 - Not Found: /media/
2024-03-18 09:10:06,768 - Not Found: /media/
2024-03-18 09:10:22,544 - Not Found: /media/
2024-03-18 09:10:22,691 - Not Found: /media/
2024-03-18 09:10:47,459 - Not Found: /media/
2024-03-18 09:10:47,585 - Not Found: /media/
2024-03-18 09:11:50,566 - Not Found: /media/
2024-03-18 09:12:00,630 - Not Found: /media/
2024-03-18 09:12:00,749 - Not Found: /media/
2024-03-18 09:12:24,226 - Not Found: /media/
2024-03-18 09:12:58,276 - Not Found: /media/
2024-03-18 09:13:16,072 - Not Found: /media/
2024-03-18 09:13:16,120 - Not Found: /media/
2024-03-18 09:13:37,507 - Not Found: /media/
2024-03-18 09:15:05,256 - Not Found: /media/
2024-03-18 09:16:19,589 - Not Found: /media/
2024-03-18 09:16:19,766 - Not Found: /media/
2024-03-18 09:17:29,061 - Not Found: /media/
2024-03-18 09:18:28,050 - Not Found: /media/
2024-03-18 09:19:48,179 - Not Found: /media/
2024-03-18 09:22:28,404 - Not Found: /media/
2024-03-18 09:22:28,590 - Not Found: /media/
2024-03-18 09:22:53,000 - Not Found: /media/
2024-03-18 09:22:53,148 - Not Found: /media/
2024-03-18 09:23:10,577 - Not Found: /media/
2024-03-18 09:23:10,705 - Not Found: /media/
2024-03-18 09:23:30,195 - Not Found: /media/
2024-03-18 09:25:53,814 - Not Found: /media/
2024-03-18 09:26:28,785 - Not Found: /media/
2024-03-18 09:27:36,663 - Not Found: /media/
2024-03-18 09:27:36,823 - Not Found: /media/
2024-03-18 09:27:39,875 - Not Found: /media/
2024-03-18 09:28:47,664 - Not Found: /media/
2024-03-18 09:28:47,710 - Not Found: /media/
2024-03-18 09:30:14,576 - Not Found: /media/pages_hats/delivery_hat.jpg
2024-03-18 09:30:14,596 - Not Found: /media/pages_hats/delivery_hat.jpg
2024-03-18 09:30:22,153 - Not Found: /media/pages_hats/delivery_hat.jpg
2024-03-18 09:30:22,256 - Not Found: /media/pages_hats/delivery_hat.jpg
2024-03-18 12:58:37,866 - Not Found: /media/
2024-03-18 12:58:38,029 - Not Found: /media/
2024-03-29 12:33:15,963 - Not Found: /media/
2024-03-29 12:33:19,341 - Not Found: /media/
2024-03-29 12:36:13,412 - Not Found: /media/
2024-03-29 12:36:13,544 - Not Found: /media/
2024-03-29 12:36:54,634 - Not Found: /media/
2024-03-29 12:36:57,157 - Not Found: /media/
2024-03-29 12:37:30,785 - Not Found: /media/
2024-03-29 12:38:55,448 - Not Found: /media/
2024-03-29 12:38:55,754 - Not Found: /media/
2024-03-29 12:40:22,997 - Not Found: /media/
2024-03-29 12:40:23,179 - Not Found: /media/
2024-03-29 12:40:24,916 - Not Found: /media/
2024-03-29 12:40:25,054 - Not Found: /media/
2024-03-29 12:40:31,798 - Not Found: /media/
2024-03-29 12:40:32,010 - Not Found: /media/
2024-03-29 12:40:36,900 - Not Found: /media/
2024-03-29 12:40:37,054 - Not Found: /media/
2024-03-29 12:41:11,805 - Not Found: /products/consono-arm-pixel-forest/
2024-03-29 12:41:12,059 - Not Found: /favicon.ico
2024-03-29 12:41:14,789 - Not Found: /products/consono-arm-pixel-forest/
2024-03-29 12:41:18,779 - Not Found: /media/
2024-03-29 12:41:18,930 - Not Found: /media/
2024-03-29 12:41:22,906 - Not Found: /media/
2024-03-29 12:42:32,955 - Not Found: /media/
2024-03-29 12:43:50,743 - Not Found: /media/
2024-03-29 12:43:55,076 - Not Found: /media/
2024-03-29 12:48:57,624 - Not Found: /media/
2024-03-29 12:49:01,897 - Not Found: /media/
2024-03-29 12:49:02,102 - Not Found: /media/
2024-03-29 12:51:49,511 - Not Found: /media/
2024-03-29 12:53:13,176 - Not Found: /media/
2024-03-29 12:54:08,921 - Not Found: /media/
2024-03-29 12:54:09,066 - Not Found: /media/
2024-03-29 12:55:02,531 - Not Found: /media/
2024-03-29 12:55:02,682 - Not Found: /media/
2024-03-29 12:55:03,726 - Not Found: /media/
2024-03-29 12:56:02,728 - Not Found: /media/
2024-03-29 12:56:02,882 - Not Found: /media/
2024-03-29 12:56:15,652 - Not Found: /media/
2024-03-29 12:56:15,801 - Not Found: /media/
2024-03-29 12:56:26,585 - Not Found: /media/
2024-03-29 12:56:26,741 - Not Found: /media/
2024-03-29 12:56:40,126 - Not Found: /media/
2024-03-29 12:56:40,337 - Not Found: /media/
2024-03-29 12:58:01,056 - Not Found: /media/
2024-03-29 12:58:59,601 - Not Found: /media/
2024-03-29 12:58:59,776 - Not Found: /media/
2024-03-29 12:59:49,468 - Not Found: /media/
2024-03-29 12:59:56,476 - Not Found: /media/
2024-03-29 13:00:23,317 - Not Found: /media/
2024-03-29 13:00:23,485 - Not Found: /media/
2024-03-29 13:01:20,354 - Not Found: /media/
2024-03-29 13:01:20,495 - Not Found: /media/
2024-03-29 13:05:46,391 - Ignored `font-weight: 550` at 16:2, invalid value.
2024-03-29 13:05:46,631 - maxp pruned
2024-03-29 13:05:46,646 - cmap pruned
2024-03-29 13:05:46,646 - fpgm dropped
2024-03-29 13:05:46,646 - prep dropped
2024-03-29 13:05:46,647 - cvt  dropped
2024-03-29 13:05:46,647 - kern dropped
2024-03-29 13:05:46,647 - post pruned
2024-03-29 13:05:46,648 - GPOS dropped
2024-03-29 13:05:46,648 - GSUB dropped
2024-03-29 13:05:46,658 - glyf pruned
2024-03-29 13:05:46,659 - Added gid0 to subset
2024-03-29 13:05:46,659 - Closing glyph list over 'glyf': 50 glyphs before
2024-03-29 13:05:46,659 - Glyph names: ['.notdef', 'A', 'C', 'D', 'E', 'N', 'O', 'a', 'colon', 'comma', 'eight', 'hyphen', 'i', 'l', 'm', 'nine', 'one', 'period', 'space', 'uni0413', 'uni0417', 'uni0418', 'uni041A', 'uni041F', 'uni0422', 'uni0426', 'uni0430', 'uni0432', 'uni0433', 'uni0434', 'uni0435', 'uni0437', 'uni0438', 'uni043A', 'uni043B', 'uni043C', 'uni043D', 'uni043E', 'uni043F', 'uni0440', 'uni0441', 'uni0442', 'uni0443', 'uni0444', 'uni0447', 'uni044C', 'uni044F', 'uni20BD', 'uni2116', 'zero']
2024-03-29 13:05:46,660 - Glyph IDs:   [0, 3, 15, 16, 17, 19, 20, 27, 28, 29, 36, 38, 39, 40, 49, 50, 68, 76, 79, 80, 936, 940, 941, 943, 948, 951, 955, 965, 967, 968, 969, 970, 972, 973, 975, 976, 977, 978, 979, 980, 981, 982, 983, 984, 985, 988, 993, 996, 2961, 2990]
2024-03-29 13:05:46,660 - Closed glyph list over 'glyf': 56 glyphs after
2024-03-29 13:05:46,660 - Glyph names: ['.notdef', 'A', 'C', 'D', 'E', 'N', 'O', 'T', 'a', 'c', 'colon', 'comma', 'e', 'eight', 'hyphen', 'i', 'l', 'm', 'nine', 'o', 'one', 'p', 'period', 'space', 'uni0413', 'uni0417', 'uni0418', 'uni041A', 'uni041F', 'uni0422', 'uni0426', 'uni0430', 'uni0432', 'uni0433', 'uni0434', 'uni0435', 'uni0437', 'uni0438', 'uni043A', 'uni043B', 'uni043C', 'uni043D', 'uni043E', 'uni043F', 'uni0440', 'uni0441', 'uni0442', 'uni0443', 'uni0444', 'uni0447', 'uni044C', 'uni044F', 'uni20BD', 'uni2116', 'y', 'zero']
2024-03-29 13:05:46,661 - Glyph IDs:   [0, 3, 15, 16, 17, 19, 20, 27, 28, 29, 36, 38, 39, 40, 49, 50, 55, 68, 70, 72, 76, 79, 80, 82, 83, 92, 936, 940, 941, 943, 948, 951, 955, 965, 967, 968, 969, 970, 972, 973, 975, 976, 977, 978, 979, 980, 981, 982, 983, 984, 985, 988, 993, 996, 2961, 2990]
2024-03-29 13:05:46,664 - Retaining 56 glyphs
2024-03-29 13:05:46,664 - head subsetting not needed
2024-03-29 13:05:46,665 - hhea subsetting not needed
2024-03-29 13:05:46,665 - maxp subsetting not needed
2024-03-29 13:05:46,665 - OS/2 subsetting not needed
2024-03-29 13:05:46,730 - hmtx subsetted
2024-03-29 13:05:46,735 - cmap subsetted
2024-03-29 13:05:46,735 - loca subsetting not needed
2024-03-29 13:05:46,735 - post subsetted
2024-03-29 13:05:46,735 - gasp subsetting not needed
2024-03-29 13:05:46,736 - FFTM NOT subset; don't know how to subset
2024-03-29 13:05:46,739 - GDEF subsetted
2024-03-29 13:05:46,739 - name subsetting not needed
2024-03-29 13:05:46,743 - glyf subsetted
2024-03-29 13:05:46,743 - head pruned
2024-03-29 13:05:46,744 - OS/2 Unicode ranges pruned: [0, 9, 33, 35]
2024-03-29 13:05:46,744 - OS/2 CodePage ranges pruned: [0]
2024-03-29 13:05:46,746 - glyf pruned
2024-03-29 13:05:46,746 - GDEF pruned
2024-03-29 13:05:46,747 - name pruned
2024-03-29 13:05:46,771 - maxp pruned
2024-03-29 13:05:46,784 - cmap pruned
2024-03-29 13:05:46,784 - fpgm dropped
2024-03-29 13:05:46,784 - prep dropped
2024-03-29 13:05:46,784 - cvt  dropped
2024-03-29 13:05:46,784 - kern dropped
2024-03-29 13:05:46,785 - post pruned
2024-03-29 13:05:46,785 - GPOS dropped
2024-03-29 13:05:46,785 - GSUB dropped
2024-03-29 13:05:46,795 - glyf pruned
2024-03-29 13:05:46,796 - Added gid0 to subset
2024-03-29 13:05:46,797 - Closing glyph list over 'MATH': 43 glyphs before
2024-03-29 13:05:46,797 - Glyph names: ['.notdef', 'C', 'E', 'S', 'T', 'a', 'at', 'comma', 'd', 'e', 'eight', 'five', 'four', 'h', 'i', 'n', 'nine', 'o', 'one', 'period', 'r', 's', 'space', 't', 'two', 'u', 'uni0418', 'uni041A', 'uni041C', 'uni0430', 'uni0433', 'uni0435', 'uni043B', 'uni043E', 'uni0440', 'uni0441', 'uni0442', 'uni20BD', 'v', 'x', 'y', 'z', 'zero']
2024-03-29 13:05:46,798 - Glyph IDs:   [0, 3, 15, 17, 19, 20, 21, 23, 24, 27, 28, 35, 38, 40, 54, 55, 68, 71, 72, 75, 76, 81, 82, 85, 86, 87, 88, 89, 91, 92, 93, 941, 943, 945, 965, 968, 970, 976, 979, 981, 982, 983, 2961]
2024-03-29 13:05:46,801 - Closed glyph list over 'MATH': 43 glyphs after
2024-03-29 13:05:46,801 - Glyph names: ['.notdef', 'C', 'E', 'S', 'T', 'a', 'at', 'comma', 'd', 'e', 'eight', 'five', 'four', 'h', 'i', 'n', 'nine', 'o', 'one', 'period', 'r', 's', 'space', 't', 'two', 'u', 'uni0418', 'uni041A', 'uni041C', 'uni0430', 'uni0433', 'uni0435', 'uni043B', 'uni043E', 'uni0440', 'uni0441', 'uni0442', 'uni20BD', 'v', 'x', 'y', 'z', 'zero']
2024-03-29 13:05:46,801 - Glyph IDs:   [0, 3, 15, 17, 19, 20, 21, 23, 24, 27, 28, 35, 38, 40, 54, 55, 68, 71, 72, 75, 76, 81, 82, 85, 86, 87, 88, 89, 91, 92, 93, 941, 943, 945, 965, 968, 970, 976, 979, 981, 982, 983, 2961]
2024-03-29 13:05:46,801 - Closing glyph list over 'glyf': 43 glyphs before
2024-03-29 13:05:46,801 - Glyph names: ['.notdef', 'C', 'E', 'S', 'T', 'a', 'at', 'comma', 'd', 'e', 'eight', 'five', 'four', 'h', 'i', 'n', 'nine', 'o', 'one', 'period', 'r', 's', 'space', 't', 'two', 'u', 'uni0418', 'uni041A', 'uni041C', 'uni0430', 'uni0433', 'uni0435', 'uni043B', 'uni043E', 'uni0440', 'uni0441', 'uni0442', 'uni20BD', 'v', 'x', 'y', 'z', 'zero']
2024-03-29 13:05:46,801 - Glyph IDs:   [0, 3, 15, 17, 19, 20, 21, 23, 24, 27, 28, 35, 38, 40, 54, 55, 68, 71, 72, 75, 76, 81, 82, 85, 86, 87, 88, 89, 91, 92, 93, 941, 943, 945, 965, 968, 970, 976, 979, 981, 982, 983, 2961]
2024-03-29 13:05:46,801 - Closed glyph list over 'glyf': 46 glyphs after
2024-03-29 13:05:46,801 - Glyph names: ['.notdef', 'C', 'E', 'M', 'S', 'T', 'a', 'at', 'c', 'comma', 'd', 'e', 'eight', 'five', 'four', 'h', 'i', 'n', 'nine', 'o', 'one', 'p', 'period', 'r', 's', 'space', 't', 'two', 'u', 'uni0418', 'uni041A', 'uni041C', 'uni0430', 'uni0433', 'uni0435', 'uni043B', 'uni043E', 'uni0440', 'uni0441', 'uni0442', 'uni20BD', 'v', 'x', 'y', 'z', 'zero']
2024-03-29 13:05:46,802 - Glyph IDs:   [0, 3, 15, 17, 19, 20, 21, 23, 24, 27, 28, 35, 38, 40, 48, 54, 55, 68, 70, 71, 72, 75, 76, 81, 82, 83, 85, 86, 87, 88, 89, 91, 92, 93, 941, 943, 945, 965, 968, 970, 976, 979, 981, 982, 983, 2961]
2024-03-29 13:05:46,806 - Retaining 46 glyphs
2024-03-29 13:05:46,807 - head subsetting not needed
2024-03-29 13:05:46,807 - hhea subsetting not needed
2024-03-29 13:05:46,807 - maxp subsetting not needed
2024-03-29 13:05:46,807 - OS/2 subsetting not needed
2024-03-29 13:05:46,811 - hmtx subsetted
2024-03-29 13:05:46,814 - cmap subsetted
2024-03-29 13:05:46,814 - loca subsetting not needed
2024-03-29 13:05:46,814 - post subsetted
2024-03-29 13:05:46,814 - gasp subsetting not needed
2024-03-29 13:05:46,814 - FFTM NOT subset; don't know how to subset
2024-03-29 13:05:46,814 - MATH subsetted
2024-03-29 13:05:46,817 - GDEF subsetted
2024-03-29 13:05:46,817 - name subsetting not needed
2024-03-29 13:05:46,821 - glyf subsetted
2024-03-29 13:05:46,821 - head pruned
2024-03-29 13:05:46,821 - OS/2 Unicode ranges pruned: [0, 9, 33]
2024-03-29 13:05:46,821 - OS/2 CodePage ranges pruned: [0]
2024-03-29 13:05:46,823 - glyf pruned
2024-03-29 13:05:46,823 - GDEF pruned
2024-03-29 13:05:46,824 - name pruned
2024-03-29 13:14:02,311 - Not Found: /media/
2024-03-29 13:14:02,424 - Not Found: /media/
2024-03-29 13:58:43,606 - Not Found: /media/main_page_carousel/SHOWROOM_MAIN.jpg
2024-03-29 13:58:43,610 - Not Found: /media/main_page_carousel/SHOWROOM_MOB.jpg
2024-03-29 13:58:43,613 - Not Found: /media/main_page_carousel/AVIS_MAIN.jpg
2024-03-29 13:58:43,616 - Not Found: /media/main_page_carousel/AVIS_MOB.jpg
2024-03-29 13:58:43,620 - Not Found: /media/main_page_carousel/CONSONO_MOB.jpg
2024-03-29 13:58:43,624 - Not Found: /media/main_page_carousel/CONSONO_MAIN.jpg
2024-03-29 13:58:43,670 - Not Found: /media/
2024-03-29 13:58:49,247 - Not Found: /media/main_page_carousel/CONSONO_MAIN.jpg
2024-03-29 13:58:49,250 - Not Found: /media/main_page_carousel/AVIS_MAIN.jpg
2024-03-29 13:58:49,259 - Not Found: /media/main_page_carousel/SHOWROOM_MAIN.jpg
2024-03-29 13:58:49,264 - Not Found: /media/main_page_carousel/CONSONO_MOB.jpg
2024-03-29 13:58:49,267 - Not Found: /media/main_page_carousel/AVIS_MOB.jpg
2024-03-29 13:58:49,271 - Not Found: /media/main_page_carousel/SHOWROOM_MOB.jpg
2024-03-29 13:58:49,287 - Not Found: /media/
2024-03-29 13:58:49,395 - Not Found: /media/main_page_carousel/AVIS_MAIN.jpg
2024-03-29 13:58:49,399 - Not Found: /media/main_page_carousel/CONSONO_MOB.jpg
2024-03-29 13:58:49,408 - Not Found: /media/main_page_carousel/SHOWROOM_MOB.jpg
2024-03-29 13:58:49,411 - Not Found: /media/main_page_carousel/SHOWROOM_MAIN.jpg
2024-03-29 13:58:49,413 - Not Found: /media/main_page_carousel/CONSONO_MAIN.jpg
2024-03-29 13:58:49,417 - Not Found: /media/main_page_carousel/AVIS_MOB.jpg
2024-03-29 14:00:10,302 - Not Found: /media/
2024-04-02 09:34:11,566 - Not Found: /media/
2024-04-02 09:34:15,180 - Not Found: /media/
2024-04-02 09:34:17,388 - Not Found: /media/
2024-04-02 09:34:19,349 - Not Found: /media/
2024-04-02 09:34:19,460 - Not Found: /media/
2024-04-02 09:34:21,193 - Not Found: /media/
2024-04-02 09:34:21,229 - Not Found: /media/
2024-04-02 09:34:22,897 - Not Found: /media/
2024-04-02 09:34:22,949 - Not Found: /media/
2024-04-02 09:34:49,382 - Not Found: /media/
2024-04-02 09:34:52,001 - Not Found: /media/
2024-04-02 12:51:30,838 - Not Found: /media/
2024-04-02 13:03:44,951 - Not Found: /media/
2024-04-02 13:03:45,056 - Not Found: /media/
2024-04-02 13:03:46,678 - Not Found: /media/
2024-04-02 13:03:46,811 - Not Found: /media/
2024-04-02 13:10:19,775 - Not Found: /media/
2024-04-02 13:10:19,903 - Not Found: /media/
2024-04-02 13:18:55,297 - Not Found: /media/
2024-04-02 13:18:55,307 - Not Found: /media/images/CONSONO_MOD_1_KILIAN_01_GOODS_02_gc5S8bu.png
2024-04-02 13:18:55,312 - Not Found: /media/images/CONSONO_CORNER_ST_LEFT_VELUTTO_04_GOODS_02_IQOwZ0m.png
2024-04-02 13:18:55,360 - Not Found: /media/images/CONSONO_ARM_CORSO_08_GOODS_02_G2l7gyn.png
2024-04-02 13:19:06,462 - Not Found: /categories/corner/
2024-04-02 13:19:06,633 - Not Found: /favicon.ico
2024-04-02 13:19:10,537 - Not Found: /media/
2024-04-02 13:19:10,540 - Not Found: /media/images/CONSONO_MOD_1_KILIAN_01_GOODS_02_gc5S8bu.png
2024-04-02 13:19:12,581 - Not Found: /media/fabric_icons/2024/01/23/JAZZ_01.png
2024-04-02 13:19:12,591 - Not Found: /media/fabric_icons/2024/01/23/CAMBRIDGE_600.png
2024-04-02 13:19:12,602 - Not Found: /media/fabric_icons/2024/01/23/JAZZ_21.png
2024-04-02 13:19:12,610 - Not Found: /media/fabric_icons/2024/01/23/PIXEL_FOREST.png
2024-04-02 13:19:12,616 - Not Found: /media/fabric_icons/2024/01/23/VELUTTO_32.png
2024-04-02 13:19:12,620 - Not Found: /media/carousel/CONSONO_MOD_1_KILIAN_01_CARD_01_3TyFxVn.jpg
2024-04-02 13:19:12,631 - Not Found: /media/carousel/CONSONO_ARM_CORSO_08_CARD_01_XJXajtr.jpg
2024-04-02 13:19:12,651 - Not Found: /media/
2024-04-02 13:19:12,695 - Not Found: /media/images/CONSONO_ARM_CORSO_08_GOODS_02_G2l7gyn.png
2024-04-02 13:19:12,706 - Not Found: /media/images/CONSONO_MOD_1_KILIAN_01_GOODS_02_gc5S8bu.png
2024-04-02 13:19:12,713 - Not Found: /media/images/CONSONO_CORNER_ST_LEFT_VELUTTO_04_GOODS_02_IQOwZ0m.png
2024-04-02 13:19:12,720 - Not Found: /media/fabric_images/2023/12/19/PixelForest.png
2024-04-02 13:19:12,813 - Not Found: /media/carousel/CONSONO_MOD_1_KILIAN_01_CARD_MOB_01_FvNNZUU.jpg
2024-04-02 13:47:14,722 - Not Found: /categories/media/main_page_carousel/AVIS_MAIN.jpg
2024-04-02 13:47:14,739 - Not Found: /categories/media/main_page_carousel/SHOWROOM_MAIN.jpg
2024-04-02 13:47:14,743 - Not Found: /categories/media/main_page_carousel/CONSONO_MAIN.jpg
2024-04-02 13:47:14,747 - Not Found: /categories/media/main_page_carousel/SHOWROOM_MOB.jpg
2024-04-02 13:47:14,753 - Not Found: /categories/media/main_page_carousel/AVIS_MOB.jpg
2024-04-02 13:47:14,767 - Not Found: /categories/media/main_page_carousel/CONSONO_MOB.jpg
2024-04-02 13:49:46,399 - Not Found: /categories/media/main_page_carousel/CONSONO_MAIN.jpg
2024-04-02 13:49:46,410 - Not Found: /categories/media/main_page_carousel/SHOWROOM_MAIN.jpg
2024-04-02 13:49:46,413 - Not Found: /categories/media/main_page_carousel/AVIS_MAIN.jpg
2024-04-02 13:49:46,417 - Not Found: /categories/media/main_page_carousel/SHOWROOM_MOB.jpg
2024-04-02 13:49:46,421 - Not Found: /categories/media/main_page_carousel/AVIS_MOB.jpg
2024-04-02 13:49:46,424 - Not Found: /categories/media/main_page_carousel/CONSONO_MOB.jpg
2024-04-02 13:49:46,525 - Not Found: /categories/media/main_page_carousel/SHOWROOM_MAIN.jpg
2024-04-02 13:49:46,548 - Not Found: /categories/media/main_page_carousel/CONSONO_MOB.jpg
2024-04-02 13:49:46,551 - Not Found: /categories/media/main_page_carousel/AVIS_MAIN.jpg
2024-04-02 13:49:46,554 - Not Found: /categories/media/main_page_carousel/AVIS_MOB.jpg
2024-04-02 13:49:46,557 - Not Found: /categories/media/main_page_carousel/CONSONO_MAIN.jpg
2024-04-02 13:49:46,561 - Not Found: /categories/media/main_page_carousel/SHOWROOM_MOB.jpg
2024-04-02 13:49:50,277 - Not Found: /categories/media/main_page_carousel/CONSONO_MOB.jpg
2024-04-02 13:49:50,295 - Not Found: /categories/media/main_page_carousel/CONSONO_MAIN.jpg
2024-04-02 13:49:50,304 - Not Found: /categories/media/main_page_carousel/SHOWROOM_MOB.jpg
2024-04-02 13:49:50,309 - Not Found: /categories/media/main_page_carousel/AVIS_MOB.jpg
2024-04-02 13:49:50,381 - Not Found: /categories/media/main_page_carousel/SHOWROOM_MAIN.jpg
2024-04-02 13:49:50,400 - Not Found: /categories/media/main_page_carousel/AVIS_MAIN.jpg
2024-04-02 13:50:45,094 - Not Found: /categories/media/main_page_carousel/CONSONO_MAIN.jpg
2024-04-02 13:50:45,097 - Not Found: /categories/media/main_page_carousel/SHOWROOM_MAIN.jpg
2024-04-02 13:50:45,100 - Not Found: /categories/media/main_page_carousel/AVIS_MOB.jpg
2024-04-02 13:50:45,114 - Not Found: /categories/media/main_page_carousel/AVIS_MAIN.jpg
2024-04-02 13:50:45,119 - Not Found: /categories/media/main_page_carousel/CONSONO_MOB.jpg
2024-04-02 13:50:45,124 - Not Found: /categories/media/main_page_carousel/SHOWROOM_MOB.jpg
2024-04-02 13:50:45,244 - Not Found: /categories/media/main_page_carousel/AVIS_MAIN.jpg
2024-04-02 13:50:45,251 - Not Found: /categories/media/main_page_carousel/SHOWROOM_MOB.jpg
2024-04-02 13:50:45,255 - Not Found: /categories/media/main_page_carousel/CONSONO_MAIN.jpg
2024-04-02 13:50:45,258 - Not Found: /categories/media/main_page_carousel/AVIS_MOB.jpg
2024-04-02 13:50:45,261 - Not Found: /categories/media/main_page_carousel/SHOWROOM_MAIN.jpg
2024-04-02 13:50:45,264 - Not Found: /categories/media/main_page_carousel/CONSONO_MOB.jpg
2024-04-02 13:50:57,098 - Not Found: /media/images/CONSONO_CORNER_ST_LEFT_VELUTTO_04_GOODS_02_IQOwZ0m.png
2024-04-02 13:51:53,913 - Not Found: /categories/media/main_page_carousel/SHOWROOM_MOB.jpg
2024-04-02 13:51:53,917 - Not Found: /categories/media/main_page_carousel/AVIS_MAIN.jpg
2024-04-02 13:51:53,935 - Not Found: /categories/media/main_page_carousel/SHOWROOM_MAIN.jpg
2024-04-02 13:51:53,938 - Not Found: /categories/media/main_page_carousel/CONSONO_MAIN.jpg
2024-04-02 13:51:53,949 - Not Found: /categories/media/main_page_carousel/AVIS_MOB.jpg
2024-04-02 13:51:53,953 - Not Found: /categories/media/main_page_carousel/CONSONO_MOB.jpg
2024-04-02 13:53:19,821 - Not Found: /categories/media/main_page_carousel/AVIS_MAIN.jpg
2024-04-02 13:53:19,850 - Not Found: /categories/media/main_page_carousel/SHOWROOM_MAIN.jpg
2024-04-02 13:53:19,854 - Not Found: /categories/media/main_page_carousel/AVIS_MOB.jpg
2024-04-02 13:53:19,857 - Not Found: /categories/media/main_page_carousel/CONSONO_MAIN.jpg
2024-04-02 13:53:19,861 - Not Found: /categories/media/main_page_carousel/CONSONO_MOB.jpg
2024-04-02 13:53:19,864 - Not Found: /categories/media/main_page_carousel/SHOWROOM_MOB.jpg
2024-04-02 13:53:20,762 - Not Found: /categories/media/main_page_carousel/CONSONO_MOB.jpg
2024-04-02 13:53:20,764 - Not Found: /categories/media/main_page_carousel/AVIS_MOB.jpg
2024-04-02 13:53:20,767 - Not Found: /categories/media/main_page_carousel/SHOWROOM_MOB.jpg
2024-04-02 13:53:20,772 - Not Found: /categories/media/main_page_carousel/CONSONO_MAIN.jpg
2024-04-02 13:53:20,780 - Not Found: /categories/media/main_page_carousel/AVIS_MAIN.jpg
2024-04-02 13:53:20,782 - Not Found: /categories/media/main_page_carousel/SHOWROOM_MAIN.jpg
2024-04-02 13:53:20,909 - Not Found: /categories/media/main_page_carousel/AVIS_MOB.jpg
2024-04-02 13:53:20,912 - Not Found: /categories/media/main_page_carousel/AVIS_MAIN.jpg
2024-04-02 13:53:20,917 - Not Found: /categories/media/main_page_carousel/SHOWROOM_MAIN.jpg
2024-04-02 13:53:20,924 - Not Found: /categories/media/main_page_carousel/CONSONO_MAIN.jpg
2024-04-02 13:53:20,938 - Not Found: /categories/media/main_page_carousel/SHOWROOM_MOB.jpg
2024-04-02 13:53:20,942 - Not Found: /categories/media/main_page_carousel/CONSONO_MOB.jpg
2024-04-02 13:53:21,858 - Not Found: /categories/media/main_page_carousel/CONSONO_MAIN.jpg
2024-04-02 13:53:21,862 - Not Found: /categories/media/main_page_carousel/AVIS_MOB.jpg
2024-04-02 13:53:21,865 - Not Found: /categories/media/main_page_carousel/AVIS_MAIN.jpg
2024-04-02 13:53:21,886 - Not Found: /categories/media/main_page_carousel/SHOWROOM_MOB.jpg
2024-04-02 13:53:21,943 - Not Found: /categories/media/main_page_carousel/CONSONO_MOB.jpg
2024-04-02 13:53:21,965 - Not Found: /categories/media/main_page_carousel/SHOWROOM_MAIN.jpg
2024-04-02 13:53:57,953 - Not Found: /categories/media/main_page_carousel/CONSONO_MAIN.jpg
2024-04-02 13:53:57,956 - Not Found: /categories/media/main_page_carousel/SHOWROOM_MOB.jpg
2024-04-02 13:53:57,972 - Not Found: /categories/media/main_page_carousel/CONSONO_MOB.jpg
2024-04-02 13:53:57,984 - Not Found: /categories/media/main_page_carousel/AVIS_MOB.jpg
2024-04-02 13:53:58,009 - Not Found: /categories/media/main_page_carousel/AVIS_MAIN.jpg
2024-04-02 13:53:58,033 - Not Found: /categories/media/main_page_carousel/SHOWROOM_MAIN.jpg
2024-04-02 13:53:58,047 - Not Found: /categories/media/main_page_carousel/CONSONO_MAIN.jpg
2024-04-02 13:53:58,058 - Not Found: /categories/media/main_page_carousel/SHOWROOM_MOB.jpg
2024-04-02 14:04:42,488 - Not Found: /media/images/CONSONO_CORNER_ST_LEFT_VELUTTO_04_GOODS_02_IQOwZ0m.png
2024-04-02 14:04:44,962 - Not Found: /categories/media/main_page_carousel/CONSONO_MAIN.jpg
2024-04-02 14:04:44,982 - Not Found: /categories/media/main_page_carousel/AVIS_MAIN.jpg
2024-04-02 14:04:44,991 - Not Found: /categories/media/main_page_carousel/SHOWROOM_MAIN.jpg
2024-04-02 14:04:44,995 - Not Found: /categories/media/main_page_carousel/AVIS_MOB.jpg
2024-04-02 14:04:45,001 - Not Found: /categories/media/main_page_carousel/SHOWROOM_MOB.jpg
2024-04-02 14:04:45,004 - Not Found: /categories/media/main_page_carousel/CONSONO_MOB.jpg
2024-04-02 14:04:45,116 - Not Found: /categories/media/main_page_carousel/SHOWROOM_MOB.jpg
2024-04-02 14:04:45,135 - Not Found: /categories/media/main_page_carousel/CONSONO_MOB.jpg
2024-04-02 14:04:45,144 - Not Found: /categories/media/main_page_carousel/AVIS_MAIN.jpg
2024-04-02 14:04:45,147 - Not Found: /categories/media/main_page_carousel/SHOWROOM_MAIN.jpg
2024-04-02 14:04:45,150 - Not Found: /categories/media/main_page_carousel/AVIS_MOB.jpg
2024-04-02 14:04:45,153 - Not Found: /categories/media/main_page_carousel/CONSONO_MAIN.jpg
2024-04-02 14:06:27,131 - Not Found: /categories/media/main_page_carousel/AVIS_MAIN.jpg
2024-04-02 14:06:27,172 - Not Found: /categories/media/main_page_carousel/SHOWROOM_MAIN.jpg
2024-04-02 14:06:27,175 - Not Found: /categories/media/main_page_carousel/CONSONO_MAIN.jpg
2024-04-02 14:06:27,178 - Not Found: /categories/media/main_page_carousel/AVIS_MOB.jpg
2024-04-02 14:06:27,181 - Not Found: /categories/media/main_page_carousel/CONSONO_MOB.jpg
2024-04-02 14:06:27,185 - Not Found: /categories/media/main_page_carousel/SHOWROOM_MOB.jpg
2024-04-02 14:06:27,307 - Not Found: /categories/media/main_page_carousel/SHOWROOM_MAIN.jpg
2024-04-02 14:06:27,310 - Not Found: /categories/media/main_page_carousel/SHOWROOM_MOB.jpg
2024-04-02 14:06:27,315 - Not Found: /categories/media/main_page_carousel/AVIS_MAIN.jpg
2024-04-02 14:06:27,318 - Not Found: /categories/media/main_page_carousel/AVIS_MOB.jpg
2024-04-02 14:06:27,321 - Not Found: /categories/media/main_page_carousel/CONSONO_MOB.jpg
2024-04-02 14:06:27,325 - Not Found: /categories/media/main_page_carousel/CONSONO_MAIN.jpg
2024-04-02 14:06:29,512 - Not Found: /categories/media/main_page_carousel/CONSONO_MOB.jpg
2024-04-02 14:06:29,533 - Not Found: /categories/media/main_page_carousel/SHOWROOM_MAIN.jpg
2024-04-02 14:06:29,540 - Not Found: /categories/media/main_page_carousel/AVIS_MAIN.jpg
2024-04-02 14:06:29,553 - Not Found: /categories/media/main_page_carousel/CONSONO_MAIN.jpg
2024-04-02 14:06:29,566 - Not Found: /categories/media/main_page_carousel/AVIS_MOB.jpg
2024-04-02 14:06:29,575 - Not Found: /categories/media/main_page_carousel/SHOWROOM_MOB.jpg
2024-04-02 14:06:32,443 - Not Found: /media/images/CONSONO_CORNER_ST_LEFT_VELUTTO_04_GOODS_02_IQOwZ0m.png
2024-04-02 14:06:32,557 - Not Found: /media/images/CONSONO_CORNER_ST_LEFT_VELUTTO_04_GOODS_02_IQOwZ0m.png
2024-04-02 14:07:00,895 - Not Found: /media/images/CONSONO_CORNER_ST_LEFT_VELUTTO_04_GOODS_02_IQOwZ0m.png
2024-04-02 14:07:01,020 - Not Found: /media/images/CONSONO_CORNER_ST_LEFT_VELUTTO_04_GOODS_02_IQOwZ0m.png
2024-04-02 14:07:02,937 - Not Found: /categories/media/main_page_carousel/SHOWROOM_MOB.jpg
2024-04-02 14:07:02,941 - Not Found: /categories/media/main_page_carousel/CONSONO_MOB.jpg
2024-04-02 14:07:02,944 - Not Found: /categories/media/main_page_carousel/AVIS_MOB.jpg
2024-04-02 14:07:03,034 - Not Found: /categories/media/main_page_carousel/AVIS_MOB.jpg
2024-04-02 14:07:03,037 - Not Found: /categories/media/main_page_carousel/SHOWROOM_MOB.jpg
2024-04-02 14:07:03,041 - Not Found: /categories/media/main_page_carousel/CONSONO_MOB.jpg
2024-04-02 14:08:51,631 - Not Found: /categories/media/main_page_carousel/AVIS_MOB.jpg
2024-04-02 14:08:51,644 - Not Found: /categories/media/main_page_carousel/CONSONO_MOB.jpg
2024-04-02 14:08:51,659 - Not Found: /categories/media/main_page_carousel/SHOWROOM_MOB.jpg
2024-04-02 14:08:51,699 - Not Found: /categories/media/main_page_carousel/AVIS_MOB.jpg
2024-04-02 14:08:57,855 - Not Found: /categories/media/main_page_carousel/CONSONO_MOB.jpg
2024-04-02 14:08:57,859 - Not Found: /categories/media/main_page_carousel/SHOWROOM_MOB.jpg
2024-04-02 14:08:57,861 - Not Found: /categories/media/main_page_carousel/AVIS_MOB.jpg
2024-04-02 14:08:57,981 - Not Found: /categories/media/main_page_carousel/CONSONO_MOB.jpg
2024-04-02 14:08:57,990 - Not Found: /categories/media/main_page_carousel/SHOWROOM_MOB.jpg
2024-04-02 14:08:57,995 - Not Found: /categories/media/main_page_carousel/AVIS_MOB.jpg
2024-04-02 14:09:23,364 - Not Found: /categories/media/main_page_carousel/SHOWROOM_MOB.jpg
2024-04-02 14:09:23,364 - Not Found: /categories/media/main_page_carousel/CONSONO_MOB.jpg
2024-04-02 14:09:23,368 - Not Found: /categories/media/main_page_carousel/AVIS_MOB.jpg
2024-04-02 14:09:23,475 - Not Found: /categories/media/main_page_carousel/CONSONO_MOB.jpg
2024-04-02 14:09:23,478 - Not Found: /categories/media/main_page_carousel/AVIS_MOB.jpg
2024-04-02 14:09:23,481 - Not Found: /categories/media/main_page_carousel/SHOWROOM_MOB.jpg
2024-04-02 14:09:24,548 - Not Found: /categories/media/main_page_carousel/CONSONO_MOB.jpg
2024-04-02 14:09:24,551 - Not Found: /categories/media/main_page_carousel/SHOWROOM_MOB.jpg
2024-04-02 14:09:24,556 - Not Found: /categories/media/main_page_carousel/AVIS_MOB.jpg
2024-04-02 14:09:25,984 - Not Found: /categories/media/main_page_carousel/AVIS_MOB.jpg
2024-04-02 14:09:25,989 - Not Found: /categories/media/main_page_carousel/CONSONO_MOB.jpg
2024-04-02 14:09:25,995 - Not Found: /categories/media/main_page_carousel/SHOWROOM_MOB.jpg
2024-04-02 14:11:15,455 - Not Found: /categories/media/main_page_carousel/CONSONO_MOB.jpg
2024-04-02 14:11:15,476 - Not Found: /categories/media/main_page_carousel/AVIS_MAIN.jpg
2024-04-02 14:11:15,528 - Not Found: /categories/media/main_page_carousel/AVIS_MOB.jpg
2024-04-02 14:11:15,543 - Not Found: /categories/media/main_page_carousel/SHOWROOM_MOB.jpg
2024-04-02 14:11:15,560 - Not Found: /categories/media/main_page_carousel/CONSONO_MAIN.jpg
2024-04-02 14:11:15,563 - Not Found: /categories/media/main_page_carousel/SHOWROOM_MAIN.jpg
2024-04-02 14:11:25,310 - Not Found: /categories/media/main_page_carousel/AVIS_MOB.jpg
2024-04-02 14:11:25,315 - Not Found: /categories/media/main_page_carousel/SHOWROOM_MOB.jpg
2024-04-02 14:11:25,320 - Not Found: /categories/media/main_page_carousel/CONSONO_MOB.jpg
2024-04-02 14:11:25,345 - Not Found: /categories/media/main_page_carousel/SHOWROOM_MAIN.jpg
2024-04-02 14:11:25,401 - Not Found: /categories/media/main_page_carousel/CONSONO_MAIN.jpg
2024-04-02 14:11:25,408 - Not Found: /categories/media/main_page_carousel/AVIS_MAIN.jpg
2024-04-02 14:12:37,626 - Not Found: /categories/media/main_page_carousel/AVIS_MOB.jpg
2024-04-02 14:12:37,644 - Not Found: /categories/media/main_page_carousel/CONSONO_MOB.jpg
2024-04-02 14:12:37,650 - Not Found: /categories/media/main_page_carousel/SHOWROOM_MOB.jpg
2024-04-02 14:12:37,790 - Not Found: /categories/media/main_page_carousel/SHOWROOM_MOB.jpg
2024-04-02 14:12:37,793 - Not Found: /categories/media/main_page_carousel/AVIS_MOB.jpg
2024-04-02 14:12:37,796 - Not Found: /categories/media/main_page_carousel/CONSONO_MOB.jpg
2024-04-02 14:12:42,537 - Not Found: /categories/media/main_page_carousel/AVIS_MOB.jpg
2024-04-02 14:12:42,540 - Not Found: /categories/media/main_page_carousel/SHOWROOM_MOB.jpg
2024-04-02 14:12:42,545 - Not Found: /categories/media/main_page_carousel/CONSONO_MOB.jpg
2024-04-02 14:12:42,704 - Not Found: /categories/media/main_page_carousel/AVIS_MOB.jpg
2024-04-02 14:12:42,707 - Not Found: /categories/media/main_page_carousel/SHOWROOM_MOB.jpg
2024-04-02 14:12:42,711 - Not Found: /categories/media/main_page_carousel/CONSONO_MOB.jpg
2024-04-03 09:59:31,644 - Not Found: /media/images/CONSONO_CORNER_ST_LEFT_VELUTTO_04_GOODS_02_IQOwZ0m.png
2024-04-03 09:59:36,978 - Not Found: /media/carousel/CONSONO_CORNER_ST_LEFT_TEDDY_955_CARD_01_OAJpZfP.jpg
2024-04-03 09:59:36,990 - Not Found: /media/carousel/CONSONO_ARM_CORSO_08_CARD_01_XJXajtr.jpg
2024-04-03 09:59:37,017 - Not Found: /media/images/CONSONO_CORNER_ST_LEFT_VELUTTO_04_GOODS_02_IQOwZ0m.png
2024-04-03 09:59:37,044 - Not Found: /media/schemes/CON_ARMCH.svg
2024-04-03 09:59:37,106 - Not Found: /media/carousel/CONSONO_CORNER_ST_LEFT_TEDDY_X_CARD_MOB_01_mTh6Y9S.jpg
2024-04-03 10:04:12,273 - Not Found: /media/carousel/CONSONO_CORNER_ST_LEFT_TEDDY_955_CARD_01_OAJpZfP.jpg
2024-04-03 10:04:12,292 - Not Found: /media/carousel/CONSONO_CORNER_ST_LEFT_TEDDY_X_CARD_MOB_01_mTh6Y9S.jpg
2024-04-03 10:04:12,296 - Not Found: /media/carousel/CONSONO_ARM_CORSO_08_CARD_01_XJXajtr.jpg
2024-04-03 10:04:12,309 - Not Found: /media/images/CONSONO_CORNER_ST_LEFT_VELUTTO_04_GOODS_02_IQOwZ0m.png
2024-04-03 10:04:12,312 - Not Found: /media/schemes/CON_ARMCH.svg
2024-04-03 10:04:12,405 - Not Found: /media/carousel/CONSONO_CORNER_ST_LEFT_TEDDY_X_CARD_MOB_01_mTh6Y9S.jpg
2024-04-03 10:04:12,407 - Not Found: /media/carousel/CONSONO_CORNER_ST_LEFT_TEDDY_955_CARD_01_OAJpZfP.jpg
2024-04-03 10:04:12,411 - Not Found: /media/schemes/CON_ARMCH.svg
2024-04-03 10:04:12,415 - Not Found: /media/carousel/CONSONO_ARM_CORSO_08_CARD_01_XJXajtr.jpg
2024-04-03 10:04:12,418 - Not Found: /media/images/CONSONO_CORNER_ST_LEFT_VELUTTO_04_GOODS_02_IQOwZ0m.png
2024-04-03 10:04:14,512 - Not Found: /media/carousel/CONSONO_ARM_CORSO_08_CARD_01_XJXajtr.jpg
2024-04-03 10:04:14,525 - Not Found: /media/carousel/CONSONO_CORNER_ST_LEFT_TEDDY_955_CARD_01_OAJpZfP.jpg
2024-04-03 10:04:14,608 - Not Found: /media/images/CONSONO_CORNER_ST_LEFT_VELUTTO_04_GOODS_02_IQOwZ0m.png
2024-04-03 10:04:14,669 - Not Found: /media/carousel/CONSONO_CORNER_ST_LEFT_TEDDY_X_CARD_MOB_01_mTh6Y9S.jpg
2024-04-03 10:04:14,677 - Not Found: /media/schemes/CON_ARMCH.svg
2024-04-03 10:04:38,373 - Not Found: /favicon.ico
2024-04-03 10:04:46,037 - Not Found: /media/images/CONSONO_CORNER_ST_LEFT_VELUTTO_04_GOODS_02_IQOwZ0m.png
2024-04-03 10:04:50,944 - Not Found: /media/carousel/CONSONO_ARM_CORSO_08_CARD_01_XJXajtr.jpg
2024-04-03 10:04:50,958 - Not Found: /media/carousel/CONSONO_CORNER_ST_LEFT_TEDDY_X_CARD_MOB_01_mTh6Y9S.jpg
2024-04-03 10:04:50,962 - Not Found: /media/schemes/CON_ARMCH.svg
2024-04-03 10:04:50,966 - Not Found: /media/carousel/CONSONO_CORNER_ST_LEFT_TEDDY_955_CARD_01_OAJpZfP.jpg
2024-04-03 10:04:50,971 - Not Found: /media/images/CONSONO_CORNER_ST_LEFT_VELUTTO_04_GOODS_02_IQOwZ0m.png
2024-04-03 10:15:36,420 - Not Found: /media/carousel/CONSONO_CORNER_ST_LEFT_TEDDY_955_CARD_01_OAJpZfP.jpg
2024-04-03 10:15:36,423 - Not Found: /media/schemes/CON_ARMCH.svg
2024-04-03 10:15:36,427 - Not Found: /media/carousel/CONSONO_CORNER_ST_LEFT_TEDDY_X_CARD_MOB_01_mTh6Y9S.jpg
2024-04-03 10:15:36,441 - Not Found: /media/images/CONSONO_CORNER_ST_LEFT_VELUTTO_04_GOODS_02_IQOwZ0m.png
2024-04-03 10:24:15,437 - Not Found: /media/schemes/CON_ARMCH.svg
2024-04-03 10:24:15,440 - Not Found: /media/
2024-04-03 10:24:15,443 - Not Found: /media/carousel/CONSONO_CORNER_ST_LEFT_TEDDY_X_CARD_MOB_01_mTh6Y9S.jpg
2024-04-03 10:24:15,510 - Not Found: /media/images/CONSONO_CORNER_ST_LEFT_VELUTTO_04_GOODS_02_IQOwZ0m.png
2024-04-03 10:24:15,549 - Not Found: /media/
2024-04-03 10:24:15,552 - Not Found: /media/schemes/CON_ARMCH.svg
2024-04-03 10:24:15,555 - Not Found: /media/carousel/CONSONO_CORNER_ST_LEFT_TEDDY_X_CARD_MOB_01_mTh6Y9S.jpg
2024-04-03 10:24:22,427 - Not Found: /media/
2024-04-03 10:24:22,467 - Not Found: /media/images/CONSONO_CORNER_ST_LEFT_VELUTTO_04_GOODS_02_IQOwZ0m.png
2024-04-03 10:24:29,312 - Not Found: /media/carousel/CONSONO_CORNER_ST_LEFT_TEDDY_955_CARD_01_OAJpZfP.jpg
2024-04-03 10:24:29,316 - Not Found: /media/closeups/CONSONO_CORNER_ST_LEFT_TEDDY_955_CLOSEUP_MQAgfXb.jpg
2024-04-03 10:24:29,328 - Not Found: /media/schemes/CON_ARMCH.svg
2024-04-03 10:24:29,344 - Not Found: /media/images/CONSONO_CORNER_ST_LEFT_VELUTTO_04_GOODS_02_IQOwZ0m.png
2024-04-03 10:24:29,349 - Not Found: /media/carousel/CONSONO_CORNER_ST_LEFT_TEDDY_X_CARD_MOB_01_mTh6Y9S.jpg
2024-04-03 10:24:57,985 - Not Found: /favicon.ico
2024-04-03 10:24:59,870 - Not Found: /media/images/CONSONO_CORNER_ST_LEFT_VELUTTO_04_GOODS_02_IQOwZ0m.png
2024-04-03 10:24:59,889 - Not Found: /media/
2024-04-03 10:25:33,150 - Not Found: /media/images/CONSONO_CORNER_ST_LEFT_VELUTTO_04_GOODS_02_IQOwZ0m.png
2024-04-03 10:25:33,153 - Not Found: /media/carousel/CONSONO_CORNER_ST_LEFT_TEDDY_X_CARD_MOB_01_mTh6Y9S.jpg
2024-04-03 10:25:33,155 - Not Found: /media/
2024-04-03 10:25:33,159 - Not Found: /media/schemes/CON_ARMCH.svg
2024-04-03 10:25:49,085 - Not Found: /media/images/CONSONO_CORNER_ST_LEFT_VELUTTO_04_GOODS_02_IQOwZ0m.png
2024-04-03 10:25:49,088 - Not Found: /media/
2024-04-03 10:25:49,090 - Not Found: /media/schemes/CON_ARMCH.svg
2024-04-03 10:25:57,465 - Not Found: /media/schemes/CON_ARMCH.svg
2024-04-03 10:25:57,689 - Not Found: /media/images/CONSONO_CORNER_ST_LEFT_VELUTTO_04_GOODS_02_IQOwZ0m.png
2024-04-03 10:26:16,687 - Not Found: /media/schemes/CON_ARMCH.svg
2024-04-03 10:26:16,748 - Not Found: /media/images/CONSONO_CORNER_ST_LEFT_VELUTTO_04_GOODS_02_IQOwZ0m.png
2024-04-03 11:08:17,712 - Not Found: /media/schemes/CON_ARMCH.svg
2024-04-03 11:08:17,860 - Not Found: /media/images/CONSONO_CORNER_ST_LEFT_VELUTTO_04_GOODS_02_IQOwZ0m.png
2024-04-03 11:08:25,504 - Not Found: /media/schemes/CON_ARMCH.svg
2024-04-03 11:08:25,602 - Not Found: /media/images/CONSONO_CORNER_ST_LEFT_VELUTTO_04_GOODS_02_IQOwZ0m.png
2024-04-03 11:09:06,681 - Not Found: /media/schemes/CON_ARMCH.svg
2024-04-03 11:09:06,794 - Not Found: /media/images/CONSONO_CORNER_ST_LEFT_VELUTTO_04_GOODS_02_IQOwZ0m.png
2024-04-03 11:09:46,523 - Not Found: /media/images/CONSONO_CORNER_ST_LEFT_VELUTTO_04_GOODS_02_IQOwZ0m.png
2024-04-03 11:09:46,568 - Not Found: /media/schemes/CON_ARMCH.svg
2024-04-03 11:12:23,049 - Not Found: /media/images/CONSONO_CORNER_ST_LEFT_VELUTTO_04_GOODS_02_IQOwZ0m.png
2024-04-03 11:12:23,119 - Not Found: /media/schemes/CON_ARMCH.svg
2024-04-03 11:12:47,381 - Not Found: /media/images/CONSONO_CORNER_ST_LEFT_VELUTTO_04_GOODS_02_IQOwZ0m.png
2024-04-03 11:12:47,405 - Not Found: /media/schemes/CON_ARMCH.svg
2024-04-03 11:16:13,185 - Not Found: /media/schemes/CON_ARMCH.svg
2024-04-03 11:16:13,285 - Not Found: /media/images/CONSONO_CORNER_ST_LEFT_VELUTTO_04_GOODS_02_IQOwZ0m.png
2024-04-03 11:16:52,117 - Not Found: /media/images/CONSONO_CORNER_ST_LEFT_VELUTTO_04_GOODS_02_IQOwZ0m.png
2024-04-03 11:16:52,300 - Not Found: /media/schemes/CON_ARMCH.svg
2024-04-03 11:17:39,093 - Not Found: /media/images/CONSONO_CORNER_ST_LEFT_VELUTTO_04_GOODS_02_IQOwZ0m.png
2024-04-03 11:17:39,270 - Not Found: /media/schemes/CON_ARMCH.svg
2024-04-03 11:17:49,907 - Not Found: /media/images/CONSONO_CORNER_ST_LEFT_VELUTTO_04_GOODS_02_IQOwZ0m.png
2024-04-03 11:17:49,943 - Not Found: /media/schemes/CON_ARMCH.svg
2024-04-03 11:21:54,905 - Not Found: /media/images/CONSONO_CORNER_ST_LEFT_VELUTTO_04_GOODS_02_IQOwZ0m.png
2024-04-03 11:21:54,949 - Not Found: /media/schemes/CON_ARMCH.svg
2024-04-03 11:21:59,655 - Not Found: /media/images/CONSONO_CORNER_ST_LEFT_VELUTTO_04_GOODS_02_IQOwZ0m.png
2024-04-03 11:21:59,748 - Not Found: /media/schemes/CON_ARMCH.svg
2024-04-03 11:22:10,914 - Not Found: /media/images/CONSONO_CORNER_ST_LEFT_VELUTTO_04_GOODS_02_IQOwZ0m.png
2024-04-03 11:22:10,983 - Not Found: /media/schemes/CON_ARMCH.svg
2024-04-03 11:23:17,979 - Not Found: /media/schemes/CON_ARMCH.svg
2024-04-03 11:23:17,984 - Not Found: /media/
2024-04-03 11:23:17,988 - Not Found: /media/carousel/CONSONO_CORNER_ST_LEFT_TEDDY_X_CARD_MOB_01_mTh6Y9S.jpg
2024-04-03 11:23:17,992 - Not Found: /media/images/CONSONO_CORNER_ST_LEFT_VELUTTO_04_GOODS_02_IQOwZ0m.png
2024-04-03 11:23:25,097 - Not Found: /media/schemes/CON_ARMCH.svg
2024-04-03 11:23:25,102 - Not Found: /media/images/CONSONO_CORNER_ST_LEFT_VELUTTO_04_GOODS_02_IQOwZ0m.png
2024-04-03 11:24:03,097 - Not Found: /media/schemes/CON_ARMCH.svg
2024-04-03 11:24:03,212 - Not Found: /media/images/CONSONO_CORNER_ST_LEFT_VELUTTO_04_GOODS_02_IQOwZ0m.png
2024-04-03 11:24:11,782 - Not Found: /media/
2024-04-03 11:24:11,788 - Not Found: /media/schemes/CON_ARMCH.svg
2024-04-03 11:24:11,803 - Not Found: /media/carousel/CONSONO_CORNER_ST_LEFT_TEDDY_X_CARD_MOB_01_mTh6Y9S.jpg
2024-04-03 11:24:11,835 - Not Found: /media/images/CONSONO_CORNER_ST_LEFT_VELUTTO_04_GOODS_02_IQOwZ0m.png
2024-04-03 11:24:18,449 - Not Found: /media/
2024-04-03 11:24:18,466 - Not Found: /media/images/CONSONO_CORNER_ST_LEFT_VELUTTO_04_GOODS_02_IQOwZ0m.png
2024-04-03 11:24:22,785 - Not Found: /media/closeups/DENVER_CORNER_L_3M_ST_VELUTTO_32_CLOSEUP_06.png
2024-04-03 11:24:22,796 - Not Found: /media/schemes/CON_ARMCH.svg
2024-04-03 11:24:22,844 - Not Found: /media/images/CONSONO_CORNER_ST_LEFT_VELUTTO_04_GOODS_02_IQOwZ0m.png
2024-04-03 11:25:18,698 - Not Found: /media/images/CONSONO_CORNER_ST_LEFT_VELUTTO_04_GOODS_02_IQOwZ0m.png
2024-04-03 11:25:18,790 - Not Found: /media/closeups/DENVER_CORNER_L_3M_ST_VELUTTO_32_CLOSEUP_06.png
2024-04-03 11:25:18,864 - Not Found: /media/schemes/CON_ARMCH.svg
2024-04-03 11:28:50,856 - Not Found: /media/closeups/DENVER_CORNER_L_3M_ST_VELUTTO_32_CLOSEUP_06.png
2024-04-03 11:28:50,901 - Not Found: /media/images/CONSONO_CORNER_ST_LEFT_VELUTTO_04_GOODS_02_IQOwZ0m.png
2024-04-03 11:28:50,928 - Not Found: /media/schemes/CON_ARMCH.svg
2024-04-03 11:29:13,625 - Not Found: /media/images/CONSONO_CORNER_ST_LEFT_VELUTTO_04_GOODS_02_IQOwZ0m.png
2024-04-03 11:29:13,713 - Not Found: /media/closeups/DENVER_CORNER_L_3M_ST_VELUTTO_32_CLOSEUP_06.png
2024-04-03 11:29:13,792 - Not Found: /media/schemes/CON_ARMCH.svg
2024-04-03 11:31:25,702 - Not Found: /media/schemes/CON_ARMCH.svg
2024-04-03 11:31:25,706 - Not Found: /media/closeups/DENVER_CORNER_L_3M_ST_VELUTTO_32_CLOSEUP_06.png
2024-04-03 11:31:25,812 - Not Found: /media/images/CONSONO_CORNER_ST_LEFT_VELUTTO_04_GOODS_02_IQOwZ0m.png
2024-04-03 11:31:42,463 - Not Found: /media/schemes/CON_ARMCH.svg
2024-04-03 11:31:42,563 - Not Found: /media/closeups/DENVER_CORNER_L_3M_ST_VELUTTO_32_CLOSEUP_06.png
2024-04-03 11:31:42,636 - Not Found: /media/images/CONSONO_CORNER_ST_LEFT_VELUTTO_04_GOODS_02_IQOwZ0m.png
2024-04-03 11:32:12,124 - Not Found: /media/closeups/DENVER_CORNER_L_3M_ST_VELUTTO_32_CLOSEUP_06.png
2024-04-03 11:32:12,194 - Not Found: /media/images/CONSONO_CORNER_ST_LEFT_VELUTTO_04_GOODS_02_IQOwZ0m.png
2024-04-03 11:32:12,301 - Not Found: /media/schemes/CON_ARMCH.svg
2024-04-03 12:00:56,845 - /home/a/deco_dj/product/models.py changed, reloading.
2024-04-03 12:59:04,532 - /home/a/deco_dj/product/admin.py changed, reloading.
2024-04-03 12:59:38,480 - /home/a/deco_dj/product/admin.py changed, reloading.
2024-04-03 13:00:10,377 - Not Found: /media/images/CONSONO_CORNER_ST_LEFT_VELUTTO_04_GOODS_02_IQOwZ0m.png
2024-04-03 13:00:10,451 - Not Found: /media/images/CONSONO_CORNER_ST_LEFT_VELUTTO_04_GOODS_02_IQOwZ0m.png
2024-04-03 13:00:21,801 - Not Found: /media/carousel/CONSONO_CORNER_ST_LEFT_TEDDY_955_CARD_01_OAJpZfP.jpg
2024-04-03 13:00:21,826 - Not Found: /media/fabric_images/JAZZ_21.jpg
2024-04-03 13:00:21,835 - Not Found: /media/carousel/CONSONO_CORNER_ST_LEFT_TEDDY_X_CARD_MOB_01_mTh6Y9S.jpg
2024-04-03 13:00:21,843 - Not Found: /media/images/CONSONO_CORNER_ST_LEFT_VELUTTO_04_GOODS_02_IQOwZ0m.png
2024-04-03 13:00:27,950 - Not Found: /media/carousel/CONSONO_CORNER_ST_LEFT_TEDDY_955_CARD_01_OAJpZfP.jpg
2024-04-03 13:00:28,030 - Not Found: /media/fabric_images/JAZZ_21.jpg
2024-04-03 13:00:28,036 - Not Found: /media/carousel/CONSONO_CORNER_ST_LEFT_TEDDY_X_CARD_MOB_01_mTh6Y9S.jpg
2024-04-03 13:00:28,048 - Not Found: /media/images/CONSONO_CORNER_ST_LEFT_VELUTTO_04_GOODS_02_IQOwZ0m.png
2024-04-03 13:00:28,056 - Not Found: /media/carousel/CONSONO_CORNER_ST_LEFT_TEDDY_955_CARD_01_OAJpZfP.jpg
2024-04-03 13:00:32,848 - Not Found: /media/popovers/CONSONO_ARM_PIXEL_FOREST_2_mob.jpg
2024-04-03 13:00:32,866 - Not Found: /media/images/CONSONO_CORNER_ST_LEFT_VELUTTO_04_GOODS_02_IQOwZ0m.png
2024-04-03 13:04:27,770 - Not Found: /media/images/CONSONO_CORNER_ST_LEFT_VELUTTO_04_GOODS_02_IQOwZ0m.png
2024-04-03 13:04:27,941 - Not Found: /media/popovers/CONSONO_ARM_PIXEL_FOREST_2_mob.jpg
2024-04-03 13:05:35,708 - /home/a/deco_dj/product/admin.py changed, reloading.
2024-04-03 13:14:53,648 - Not Found: /media/popovers/CONSONO_ARM_PIXEL_FOREST_2_mob.jpg
2024-04-03 13:14:53,652 - Not Found: /media/images/CONSONO_CORNER_ST_LEFT_VELUTTO_04_GOODS_02_IQOwZ0m.png
2024-04-03 13:14:53,751 - Not Found: /media/popovers/CONSONO_ARM_PIXEL_FOREST_2_mob.jpg
2024-04-03 13:14:53,762 - Not Found: /media/images/CONSONO_CORNER_ST_LEFT_VELUTTO_04_GOODS_02_IQOwZ0m.png
2024-04-03 13:15:58,014 - Not Found: /media/images/CONSONO_CORNER_ST_LEFT_VELUTTO_04_GOODS_02_IQOwZ0m.png
2024-04-03 13:15:58,055 - Not Found: /media/popovers/CONSONO_ARM_PIXEL_FOREST_2_mob.jpg
2024-04-03 13:26:59,197 - Not Found: /media/popovers/CONSONO_ARM_PIXEL_FOREST_2_mob.jpg
2024-04-03 13:26:59,437 - Not Found: /media/images/CONSONO_CORNER_ST_LEFT_VELUTTO_04_GOODS_02_IQOwZ0m.png
2024-04-03 13:26:59,503 - Not Found: /media/popovers/CONSONO_ARM_PIXEL_FOREST_2_mob.jpg
2024-04-03 13:28:52,661 - Not Found: /media/images/CONSONO_CORNER_ST_LEFT_VELUTTO_04_GOODS_02_IQOwZ0m.png
2024-04-03 13:28:52,715 - Not Found: /media/popovers/CONSONO_ARM_PIXEL_FOREST_2_mob.jpg
2024-04-03 13:29:23,519 - Not Found: /media/images/CONSONO_CORNER_ST_LEFT_VELUTTO_04_GOODS_02_IQOwZ0m.png
2024-04-03 13:29:23,667 - Not Found: /media/popovers/CONSONO_ARM_PIXEL_FOREST_2_mob.jpg
2024-04-03 13:30:55,024 - Not Found: /media/images/CONSONO_CORNER_ST_LEFT_VELUTTO_04_GOODS_02_IQOwZ0m.png
2024-04-03 13:30:55,080 - Not Found: /media/popovers/CONSONO_ARM_PIXEL_FOREST_2_mob.jpg
2024-04-03 13:33:44,166 - Not Found: /media/popovers/CONSONO_ARM_PIXEL_FOREST_2_mob.jpg
2024-04-03 13:33:44,169 - Not Found: /media/images/CONSONO_CORNER_ST_LEFT_VELUTTO_04_GOODS_02_IQOwZ0m.png
2024-04-03 13:35:50,918 - Not Found: /media/popovers/CONSONO_ARM_PIXEL_FOREST_2_mob.jpg
2024-04-03 13:35:50,923 - Not Found: /media/images/CONSONO_CORNER_ST_LEFT_VELUTTO_04_GOODS_02_IQOwZ0m.png
2024-04-03 13:35:51,031 - Not Found: /media/popovers/CONSONO_ARM_PIXEL_FOREST_2_mob.jpg
2024-04-03 13:35:51,051 - Not Found: /media/images/CONSONO_CORNER_ST_LEFT_VELUTTO_04_GOODS_02_IQOwZ0m.png
2024-04-03 14:04:51,209 - /home/a/deco_dj/product/models.py changed, reloading.
2024-04-03 14:06:17,979 - /home/a/deco_dj/product/models.py changed, reloading.
2024-04-03 14:21:33,167 - /home/a/deco_dj/product/models.py changed, reloading.
2024-04-03 14:21:45,328 - /home/a/deco_dj/product/models.py changed, reloading.
2024-04-03 14:38:02,780 - /home/a/deco_dj/product/models.py changed, reloading.
2024-04-04 05:50:46,375 - Not Found: /media/images/CONSONO_CORNER_ST_LEFT_VELUTTO_04_GOODS_02_IQOwZ0m.png
2024-04-04 06:11:07,138 - Not Found: /media/images/CONSONO_CORNER_ST_LEFT_VELUTTO_04_GOODS_02_IQOwZ0m.png
2024-04-04 06:16:16,596 - Not Found: /media/images/CONSONO_CORNER_ST_LEFT_VELUTTO_04_GOODS_02_IQOwZ0m.png
2024-04-04 07:06:04,241 - Not Found: /media/images/CONSONO_CORNER_ST_LEFT_VELUTTO_04_GOODS_02_IQOwZ0m.png
2024-04-04 07:06:04,282 - Not Found: /media/images/CONSONO_CORNER_ST_LEFT_VELUTTO_04_GOODS_02_IQOwZ0m.png
2024-04-04 07:06:09,162 - Not Found: /media/images/CONSONO_CORNER_ST_LEFT_VELUTTO_04_GOODS_02_IQOwZ0m.png
2024-04-04 07:06:09,251 - Not Found: /media/images/CONSONO_CORNER_ST_LEFT_VELUTTO_04_GOODS_02_IQOwZ0m.png
2024-04-04 07:09:03,073 - Internal Server Error: /
Traceback (most recent call last):
  File "/home/a/.local/lib/python3.10/site-packages/django/core/handlers/exception.py", line 56, in inner
    response = get_response(request)
  File "/home/a/.local/lib/python3.10/site-packages/django/core/handlers/base.py", line 197, in _get_response
    response = wrapped_callback(request, *callback_args, **callback_kwargs)
  File "/home/a/deco_dj/product/views.py", line 13, in index
    return render(request, 'product/index.html', {'products': products, 'popular': popular})
  File "/home/a/.local/lib/python3.10/site-packages/django/shortcuts.py", line 24, in render
    content = loader.render_to_string(template_name, context, request, using=using)
  File "/home/a/.local/lib/python3.10/site-packages/django/template/loader.py", line 62, in render_to_string
    return template.render(context, request)
  File "/home/a/.local/lib/python3.10/site-packages/django/template/backends/django.py", line 61, in render
    return self.template.render(context)
  File "/home/a/.local/lib/python3.10/site-packages/django/template/base.py", line 175, in render
    return self._render(context)
  File "/home/a/.local/lib/python3.10/site-packages/django/template/base.py", line 167, in _render
    return self.nodelist.render(context)
  File "/home/a/.local/lib/python3.10/site-packages/django/template/base.py", line 1005, in render
    return SafeString("".join([node.render_annotated(context) for node in self]))
  File "/home/a/.local/lib/python3.10/site-packages/django/template/base.py", line 1005, in <listcomp>
    return SafeString("".join([node.render_annotated(context) for node in self]))
  File "/home/a/.local/lib/python3.10/site-packages/django/template/base.py", line 966, in render_annotated
    return self.render(context)
  File "/home/a/.local/lib/python3.10/site-packages/django/template/loader_tags.py", line 157, in render
    return compiled_parent._render(context)
  File "/home/a/.local/lib/python3.10/site-packages/django/template/base.py", line 167, in _render
    return self.nodelist.render(context)
  File "/home/a/.local/lib/python3.10/site-packages/django/template/base.py", line 1005, in render
    return SafeString("".join([node.render_annotated(context) for node in self]))
  File "/home/a/.local/lib/python3.10/site-packages/django/template/base.py", line 1005, in <listcomp>
    return SafeString("".join([node.render_annotated(context) for node in self]))
  File "/home/a/.local/lib/python3.10/site-packages/django/template/base.py", line 966, in render_annotated
    return self.render(context)
  File "/home/a/.local/lib/python3.10/site-packages/django/template/loader_tags.py", line 63, in render
    result = block.nodelist.render(context)
  File "/home/a/.local/lib/python3.10/site-packages/django/template/base.py", line 1005, in render
    return SafeString("".join([node.render_annotated(context) for node in self]))
  File "/home/a/.local/lib/python3.10/site-packages/django/template/base.py", line 1005, in <listcomp>
    return SafeString("".join([node.render_annotated(context) for node in self]))
  File "/home/a/.local/lib/python3.10/site-packages/django/template/base.py", line 966, in render_annotated
    return self.render(context)
  File "/home/a/.local/lib/python3.10/site-packages/django/template/loader_tags.py", line 197, in render
    template = context.template.engine.select_template(template_name)
  File "/home/a/.local/lib/python3.10/site-packages/django/template/engine.py", line 206, in select_template
    return self.get_template(template_name)
  File "/home/a/.local/lib/python3.10/site-packages/django/template/engine.py", line 175, in get_template
    template, origin = self.find_template(template_name)
  File "/home/a/.local/lib/python3.10/site-packages/django/template/engine.py", line 157, in find_template
    template = loader.get_template(name, skip=skip)
  File "/home/a/.local/lib/python3.10/site-packages/django/template/loaders/cached.py", line 57, in get_template
    template = super().get_template(template_name, skip)
  File "/home/a/.local/lib/python3.10/site-packages/django/template/loaders/base.py", line 28, in get_template
    return Template(
  File "/home/a/.local/lib/python3.10/site-packages/django/template/base.py", line 154, in __init__
    self.nodelist = self.compile_nodelist()
  File "/home/a/.local/lib/python3.10/site-packages/django/template/base.py", line 200, in compile_nodelist
    return parser.parse()
  File "/home/a/.local/lib/python3.10/site-packages/django/template/base.py", line 513, in parse
    raise self.error(token, e)
  File "/home/a/.local/lib/python3.10/site-packages/django/template/base.py", line 511, in parse
    compiled_result = compile_func(self, token)
  File "/home/a/.local/lib/python3.10/site-packages/django/template/defaulttags.py", line 853, in do_for
    nodelist_loop = parser.parse(
  File "/home/a/.local/lib/python3.10/site-packages/django/template/base.py", line 518, in parse
    self.unclosed_block_tag(parse_until)
  File "/home/a/.local/lib/python3.10/site-packages/django/template/base.py", line 581, in unclosed_block_tag
    raise self.error(token, msg)
django.template.exceptions.TemplateSyntaxError: Unclosed tag on line 111: 'for'. Looking for one of: empty, endfor.
2024-04-04 07:09:03,335 - Not Found: /favicon.ico
2024-04-04 07:09:17,991 - Internal Server Error: /
Traceback (most recent call last):
  File "/home/a/.local/lib/python3.10/site-packages/django/core/handlers/exception.py", line 56, in inner
    response = get_response(request)
  File "/home/a/.local/lib/python3.10/site-packages/django/core/handlers/base.py", line 197, in _get_response
    response = wrapped_callback(request, *callback_args, **callback_kwargs)
  File "/home/a/deco_dj/product/views.py", line 13, in index
    return render(request, 'product/index.html', {'products': products, 'popular': popular})
  File "/home/a/.local/lib/python3.10/site-packages/django/shortcuts.py", line 24, in render
    content = loader.render_to_string(template_name, context, request, using=using)
  File "/home/a/.local/lib/python3.10/site-packages/django/template/loader.py", line 62, in render_to_string
    return template.render(context, request)
  File "/home/a/.local/lib/python3.10/site-packages/django/template/backends/django.py", line 61, in render
    return self.template.render(context)
  File "/home/a/.local/lib/python3.10/site-packages/django/template/base.py", line 175, in render
    return self._render(context)
  File "/home/a/.local/lib/python3.10/site-packages/django/template/base.py", line 167, in _render
    return self.nodelist.render(context)
  File "/home/a/.local/lib/python3.10/site-packages/django/template/base.py", line 1005, in render
    return SafeString("".join([node.render_annotated(context) for node in self]))
  File "/home/a/.local/lib/python3.10/site-packages/django/template/base.py", line 1005, in <listcomp>
    return SafeString("".join([node.render_annotated(context) for node in self]))
  File "/home/a/.local/lib/python3.10/site-packages/django/template/base.py", line 966, in render_annotated
    return self.render(context)
  File "/home/a/.local/lib/python3.10/site-packages/django/template/loader_tags.py", line 157, in render
    return compiled_parent._render(context)
  File "/home/a/.local/lib/python3.10/site-packages/django/template/base.py", line 167, in _render
    return self.nodelist.render(context)
  File "/home/a/.local/lib/python3.10/site-packages/django/template/base.py", line 1005, in render
    return SafeString("".join([node.render_annotated(context) for node in self]))
  File "/home/a/.local/lib/python3.10/site-packages/django/template/base.py", line 1005, in <listcomp>
    return SafeString("".join([node.render_annotated(context) for node in self]))
  File "/home/a/.local/lib/python3.10/site-packages/django/template/base.py", line 966, in render_annotated
    return self.render(context)
  File "/home/a/.local/lib/python3.10/site-packages/django/template/loader_tags.py", line 63, in render
    result = block.nodelist.render(context)
  File "/home/a/.local/lib/python3.10/site-packages/django/template/base.py", line 1005, in render
    return SafeString("".join([node.render_annotated(context) for node in self]))
  File "/home/a/.local/lib/python3.10/site-packages/django/template/base.py", line 1005, in <listcomp>
    return SafeString("".join([node.render_annotated(context) for node in self]))
  File "/home/a/.local/lib/python3.10/site-packages/django/template/base.py", line 966, in render_annotated
    return self.render(context)
  File "/home/a/.local/lib/python3.10/site-packages/django/template/loader_tags.py", line 197, in render
    template = context.template.engine.select_template(template_name)
  File "/home/a/.local/lib/python3.10/site-packages/django/template/engine.py", line 206, in select_template
    return self.get_template(template_name)
  File "/home/a/.local/lib/python3.10/site-packages/django/template/engine.py", line 175, in get_template
    template, origin = self.find_template(template_name)
  File "/home/a/.local/lib/python3.10/site-packages/django/template/engine.py", line 157, in find_template
    template = loader.get_template(name, skip=skip)
  File "/home/a/.local/lib/python3.10/site-packages/django/template/loaders/cached.py", line 57, in get_template
    template = super().get_template(template_name, skip)
  File "/home/a/.local/lib/python3.10/site-packages/django/template/loaders/base.py", line 28, in get_template
    return Template(
  File "/home/a/.local/lib/python3.10/site-packages/django/template/base.py", line 154, in __init__
    self.nodelist = self.compile_nodelist()
  File "/home/a/.local/lib/python3.10/site-packages/django/template/base.py", line 200, in compile_nodelist
    return parser.parse()
  File "/home/a/.local/lib/python3.10/site-packages/django/template/base.py", line 513, in parse
    raise self.error(token, e)
  File "/home/a/.local/lib/python3.10/site-packages/django/template/base.py", line 511, in parse
    compiled_result = compile_func(self, token)
  File "/home/a/.local/lib/python3.10/site-packages/django/template/defaulttags.py", line 853, in do_for
    nodelist_loop = parser.parse(
  File "/home/a/.local/lib/python3.10/site-packages/django/template/base.py", line 518, in parse
    self.unclosed_block_tag(parse_until)
  File "/home/a/.local/lib/python3.10/site-packages/django/template/base.py", line 581, in unclosed_block_tag
    raise self.error(token, msg)
django.template.exceptions.TemplateSyntaxError: Unclosed tag on line 111: 'for'. Looking for one of: empty, endfor.
2024-04-04 07:09:38,713 - Internal Server Error: /
Traceback (most recent call last):
  File "/home/a/.local/lib/python3.10/site-packages/django/core/handlers/exception.py", line 56, in inner
    response = get_response(request)
  File "/home/a/.local/lib/python3.10/site-packages/django/core/handlers/base.py", line 197, in _get_response
    response = wrapped_callback(request, *callback_args, **callback_kwargs)
  File "/home/a/deco_dj/product/views.py", line 13, in index
    return render(request, 'product/index.html', {'products': products, 'popular': popular})
  File "/home/a/.local/lib/python3.10/site-packages/django/shortcuts.py", line 24, in render
    content = loader.render_to_string(template_name, context, request, using=using)
  File "/home/a/.local/lib/python3.10/site-packages/django/template/loader.py", line 62, in render_to_string
    return template.render(context, request)
  File "/home/a/.local/lib/python3.10/site-packages/django/template/backends/django.py", line 61, in render
    return self.template.render(context)
  File "/home/a/.local/lib/python3.10/site-packages/django/template/base.py", line 175, in render
    return self._render(context)
  File "/home/a/.local/lib/python3.10/site-packages/django/template/base.py", line 167, in _render
    return self.nodelist.render(context)
  File "/home/a/.local/lib/python3.10/site-packages/django/template/base.py", line 1005, in render
    return SafeString("".join([node.render_annotated(context) for node in self]))
  File "/home/a/.local/lib/python3.10/site-packages/django/template/base.py", line 1005, in <listcomp>
    return SafeString("".join([node.render_annotated(context) for node in self]))
  File "/home/a/.local/lib/python3.10/site-packages/django/template/base.py", line 966, in render_annotated
    return self.render(context)
  File "/home/a/.local/lib/python3.10/site-packages/django/template/loader_tags.py", line 157, in render
    return compiled_parent._render(context)
  File "/home/a/.local/lib/python3.10/site-packages/django/template/base.py", line 167, in _render
    return self.nodelist.render(context)
  File "/home/a/.local/lib/python3.10/site-packages/django/template/base.py", line 1005, in render
    return SafeString("".join([node.render_annotated(context) for node in self]))
  File "/home/a/.local/lib/python3.10/site-packages/django/template/base.py", line 1005, in <listcomp>
    return SafeString("".join([node.render_annotated(context) for node in self]))
  File "/home/a/.local/lib/python3.10/site-packages/django/template/base.py", line 966, in render_annotated
    return self.render(context)
  File "/home/a/.local/lib/python3.10/site-packages/django/template/loader_tags.py", line 63, in render
    result = block.nodelist.render(context)
  File "/home/a/.local/lib/python3.10/site-packages/django/template/base.py", line 1005, in render
    return SafeString("".join([node.render_annotated(context) for node in self]))
  File "/home/a/.local/lib/python3.10/site-packages/django/template/base.py", line 1005, in <listcomp>
    return SafeString("".join([node.render_annotated(context) for node in self]))
  File "/home/a/.local/lib/python3.10/site-packages/django/template/base.py", line 966, in render_annotated
    return self.render(context)
  File "/home/a/.local/lib/python3.10/site-packages/django/template/loader_tags.py", line 197, in render
    template = context.template.engine.select_template(template_name)
  File "/home/a/.local/lib/python3.10/site-packages/django/template/engine.py", line 206, in select_template
    return self.get_template(template_name)
  File "/home/a/.local/lib/python3.10/site-packages/django/template/engine.py", line 175, in get_template
    template, origin = self.find_template(template_name)
  File "/home/a/.local/lib/python3.10/site-packages/django/template/engine.py", line 157, in find_template
    template = loader.get_template(name, skip=skip)
  File "/home/a/.local/lib/python3.10/site-packages/django/template/loaders/cached.py", line 57, in get_template
    template = super().get_template(template_name, skip)
  File "/home/a/.local/lib/python3.10/site-packages/django/template/loaders/base.py", line 28, in get_template
    return Template(
  File "/home/a/.local/lib/python3.10/site-packages/django/template/base.py", line 154, in __init__
    self.nodelist = self.compile_nodelist()
  File "/home/a/.local/lib/python3.10/site-packages/django/template/base.py", line 200, in compile_nodelist
    return parser.parse()
  File "/home/a/.local/lib/python3.10/site-packages/django/template/base.py", line 513, in parse
    raise self.error(token, e)
  File "/home/a/.local/lib/python3.10/site-packages/django/template/base.py", line 511, in parse
    compiled_result = compile_func(self, token)
  File "/home/a/.local/lib/python3.10/site-packages/django/template/defaulttags.py", line 853, in do_for
    nodelist_loop = parser.parse(
  File "/home/a/.local/lib/python3.10/site-packages/django/template/base.py", line 518, in parse
    self.unclosed_block_tag(parse_until)
  File "/home/a/.local/lib/python3.10/site-packages/django/template/base.py", line 581, in unclosed_block_tag
    raise self.error(token, msg)
django.template.exceptions.TemplateSyntaxError: Unclosed tag on line 111: 'for'. Looking for one of: empty, endfor.
2024-04-04 07:10:00,804 - Not Found: /media/images/CONSONO_CORNER_ST_LEFT_VELUTTO_04_GOODS_02_IQOwZ0m.png
2024-04-04 07:10:11,017 - Not Found: /media/images/CONSONO_CORNER_ST_LEFT_VELUTTO_04_GOODS_02_IQOwZ0m.png
2024-04-04 07:10:11,153 - Not Found: /media/images/CONSONO_CORNER_ST_LEFT_VELUTTO_04_GOODS_02_IQOwZ0m.png
2024-04-04 07:11:48,185 - Not Found: /media/images/CONSONO_CORNER_ST_LEFT_VELUTTO_04_GOODS_02_IQOwZ0m.png
2024-04-04 07:11:48,332 - Not Found: /media/images/CONSONO_CORNER_ST_LEFT_VELUTTO_04_GOODS_02_IQOwZ0m.png
2024-04-04 07:12:06,586 - Not Found: /media/images/CONSONO_CORNER_ST_LEFT_VELUTTO_04_GOODS_02_IQOwZ0m.png
2024-04-04 07:12:06,841 - Not Found: /media/images/CONSONO_CORNER_ST_LEFT_VELUTTO_04_GOODS_02_IQOwZ0m.png
2024-04-04 07:12:31,709 - Not Found: /media/images/CONSONO_CORNER_ST_LEFT_VELUTTO_04_GOODS_02_IQOwZ0m.png
2024-04-04 07:12:31,879 - Not Found: /media/images/CONSONO_CORNER_ST_LEFT_VELUTTO_04_GOODS_02_IQOwZ0m.png
2024-04-04 07:22:28,183 - Not Found: /node_modules/owl.carousel/dist/assets/owl.carousel.min.css
2024-04-04 07:22:28,189 - Not Found: /node_modules/jquery/dist/jquery.js
2024-04-04 07:22:28,193 - Not Found: /node_modules/owl.carousel/dist/owl.carousel.min.js
2024-04-04 07:22:28,273 - Not Found: /node_modules/owl.carousel/dist/assets/owl.carousel.min.css
2024-04-04 07:22:30,656 - Not Found: /media/images/CONSONO_CORNER_ST_LEFT_VELUTTO_04_GOODS_02_IQOwZ0m.png
2024-04-04 07:22:30,918 - Not Found: /node_modules/jquery/dist/jquery.js
2024-04-04 07:22:30,993 - Not Found: /node_modules/owl.carousel/dist/owl.carousel.min.js
2024-04-04 07:22:43,400 - Not Found: /node_modules/owl.carousel/dist/assets/owl.carousel.min.css
2024-04-04 07:22:43,413 - Not Found: /node_modules/jquery/dist/jquery.js
2024-04-04 07:22:43,418 - Not Found: /node_modules/owl.carousel/dist/owl.carousel.min.js
2024-04-04 07:22:43,427 - Not Found: /media/images/CONSONO_CORNER_ST_LEFT_VELUTTO_04_GOODS_02_IQOwZ0m.png
2024-04-04 07:22:43,537 - Not Found: /node_modules/owl.carousel/dist/assets/owl.carousel.min.css
2024-04-04 07:22:43,574 - Not Found: /media/images/CONSONO_CORNER_ST_LEFT_VELUTTO_04_GOODS_02_IQOwZ0m.png
2024-04-04 07:23:07,005 - Not Found: /node_modules/jquery/dist/jquery.js
2024-04-04 07:23:07,046 - Not Found: /node_modules/owl.carousel/dist/owl.carousel.min.js
2024-04-04 07:23:30,887 - Not Found: /node_modules/owl.carousel/dist/assets/owl.carousel.min.css
2024-04-04 07:23:30,911 - Not Found: /node_modules/owl.carousel/dist/owl.carousel.min.js
2024-04-04 07:23:30,916 - Not Found: /node_modules/jquery/dist/jquery.js
2024-04-04 07:23:31,006 - Not Found: /node_modules/owl.carousel/dist/assets/owl.carousel.min.css
2024-04-04 07:23:33,488 - Not Found: /media/images/CONSONO_CORNER_ST_LEFT_VELUTTO_04_GOODS_02_IQOwZ0m.png
2024-04-04 07:23:46,274 - Not Found: /node_modules/jquery/dist/jquery.js
2024-04-04 07:23:46,289 - Not Found: /node_modules/owl.carousel/dist/owl.carousel.min.js
2024-04-04 07:25:18,158 - Not Found: /node_modules/owl.carousel/dist/owl.carousel.min.js
2024-04-04 07:25:18,160 - Not Found: /node_modules/owl.carousel/dist/assets/owl.carousel.min.css
2024-04-04 07:25:18,162 - Not Found: /node_modules/jquery/dist/jquery.js
2024-04-04 07:25:18,174 - Not Found: /media/images/CONSONO_CORNER_ST_LEFT_VELUTTO_04_GOODS_02_IQOwZ0m.png
2024-04-04 07:25:18,287 - Not Found: /node_modules/owl.carousel/dist/assets/owl.carousel.min.css
2024-04-04 07:25:18,362 - Not Found: /media/images/CONSONO_CORNER_ST_LEFT_VELUTTO_04_GOODS_02_IQOwZ0m.png
2024-04-04 07:25:30,580 - Not Found: /node_modules/jquery/dist/jquery.js
2024-04-04 07:25:30,600 - Not Found: /node_modules/owl.carousel/dist/owl.carousel.min.js
2024-04-04 07:25:55,000 - Not Found: /node_modules/owl.carousel/dist/assets/owl.carousel.min.css
2024-04-04 07:25:55,029 - Not Found: /node_modules/owl.carousel/dist/owl.carousel.min.js
2024-04-04 07:25:55,033 - Not Found: /node_modules/jquery/dist/jquery.js
2024-04-04 07:25:55,125 - Not Found: /node_modules/owl.carousel/dist/assets/owl.carousel.min.css
2024-04-04 07:25:57,278 - Not Found: /media/images/CONSONO_CORNER_ST_LEFT_VELUTTO_04_GOODS_02_IQOwZ0m.png
2024-04-04 07:25:57,517 - Not Found: /node_modules/jquery/dist/jquery.js
2024-04-04 07:25:57,535 - Not Found: /node_modules/owl.carousel/dist/owl.carousel.min.js
2024-04-04 07:27:39,855 - Not Found: /node_modules/owl.carousel/dist/assets/owl.carousel.min.css
2024-04-04 07:27:39,869 - Not Found: /node_modules/jquery/dist/jquery.js
2024-04-04 07:27:39,872 - Not Found: /node_modules/owl.carousel/dist/owl.carousel.min.js
2024-04-04 07:27:39,883 - Not Found: /media/images/CONSONO_CORNER_ST_LEFT_VELUTTO_04_GOODS_02_IQOwZ0m.png
2024-04-04 07:27:39,999 - Not Found: /node_modules/owl.carousel/dist/assets/owl.carousel.min.css
2024-04-04 07:27:40,074 - Not Found: /media/images/CONSONO_CORNER_ST_LEFT_VELUTTO_04_GOODS_02_IQOwZ0m.png
2024-04-04 07:27:40,979 - Not Found: /node_modules/jquery/dist/jquery.js
2024-04-04 07:27:40,997 - Not Found: /node_modules/owl.carousel/dist/owl.carousel.min.js
2024-04-04 07:28:02,980 - Not Found: /node_modules/owl.carousel/dist/assets/owl.carousel.min.css
2024-04-04 07:28:02,985 - Not Found: /node_modules/owl.carousel/dist/owl.carousel.min.js
2024-04-04 07:28:02,989 - Not Found: /node_modules/jquery/dist/jquery.js
2024-04-04 07:28:03,070 - Not Found: /node_modules/owl.carousel/dist/assets/owl.carousel.min.css
2024-04-04 07:28:27,863 - Not Found: /media/images/CONSONO_CORNER_ST_LEFT_VELUTTO_04_GOODS_02_IQOwZ0m.png
2024-04-04 07:28:28,032 - Not Found: /node_modules/jquery/dist/jquery.js
2024-04-04 07:28:28,076 - Not Found: /node_modules/owl.carousel/dist/owl.carousel.min.js
2024-04-04 07:43:00,000 - Not Found: /node_modules/owl.carousel/dist/assets/owl.carousel.min.css
2024-04-04 07:43:00,026 - Not Found: /node_modules/jquery/dist/jquery.js
2024-04-04 07:43:00,029 - Not Found: /node_modules/owl.carousel/dist/owl.carousel.min.js
2024-04-04 07:43:00,141 - Not Found: /node_modules/owl.carousel/dist/assets/owl.carousel.min.css
2024-04-04 07:43:00,673 - Not Found: /media/images/CONSONO_CORNER_ST_LEFT_VELUTTO_04_GOODS_02_IQOwZ0m.png
2024-04-04 07:43:00,747 - Not Found: /node_modules/jquery/dist/jquery.js
2024-04-04 07:43:00,832 - Not Found: /node_modules/owl.carousel/dist/owl.carousel.min.js
2024-04-04 07:43:07,218 - Not Found: /node_modules/owl.carousel/dist/assets/owl.carousel.min.css
2024-04-04 07:43:07,241 - Not Found: /node_modules/owl.carousel/dist/owl.carousel.min.js
2024-04-04 07:43:07,247 - Not Found: /node_modules/jquery/dist/jquery.js
2024-04-04 07:43:07,244 - Not Found: /media/images/CONSONO_CORNER_ST_LEFT_VELUTTO_04_GOODS_02_IQOwZ0m.png
2024-04-04 07:43:07,266 - Not Found: /media/popovers/CONSONO_ARM_PIXEL_FOREST_2_mob.jpg
2024-04-04 07:43:07,349 - Not Found: /node_modules/owl.carousel/dist/assets/owl.carousel.min.css
2024-04-04 07:43:07,443 - Not Found: /media/popovers/CONSONO_ARM_PIXEL_FOREST_2_mob.jpg
2024-04-04 07:43:07,472 - Not Found: /media/images/CONSONO_CORNER_ST_LEFT_VELUTTO_04_GOODS_02_IQOwZ0m.png
2024-04-04 07:43:07,524 - Not Found: /node_modules/jquery/dist/jquery.js
2024-04-04 07:43:07,581 - Not Found: /node_modules/owl.carousel/dist/owl.carousel.min.js
2024-04-04 07:43:08,999 - Not Found: /favicon.ico
2024-04-04 07:43:21,500 - Not Found: /node_modules/jquery/dist/jquery.js
2024-04-04 07:43:21,503 - Not Found: /node_modules/owl.carousel/dist/assets/owl.carousel.min.css
2024-04-04 07:43:21,506 - Not Found: /node_modules/owl.carousel/dist/owl.carousel.min.js
2024-04-04 07:43:21,516 - Not Found: /media/images/CONSONO_CORNER_ST_LEFT_VELUTTO_04_GOODS_02_IQOwZ0m.png
2024-04-04 07:43:21,659 - Not Found: /node_modules/owl.carousel/dist/assets/owl.carousel.min.css
2024-04-04 07:43:21,705 - Not Found: /node_modules/jquery/dist/jquery.js
2024-04-04 07:43:21,716 - Not Found: /media/images/CONSONO_CORNER_ST_LEFT_VELUTTO_04_GOODS_02_IQOwZ0m.png
2024-04-04 07:43:21,728 - Not Found: /node_modules/owl.carousel/dist/owl.carousel.min.js
2024-04-04 07:43:23,272 - Not Found: /node_modules/jquery/dist/jquery.js
2024-04-04 07:43:23,277 - Not Found: /node_modules/owl.carousel/dist/assets/owl.carousel.min.css
2024-04-04 07:43:23,280 - Not Found: /node_modules/owl.carousel/dist/owl.carousel.min.js
2024-04-04 07:43:23,291 - Not Found: /media/images/CONSONO_CORNER_ST_LEFT_VELUTTO_04_GOODS_02_IQOwZ0m.png
2024-04-04 07:43:23,408 - Not Found: /node_modules/owl.carousel/dist/assets/owl.carousel.min.css
2024-04-04 07:43:23,433 - Not Found: /media/images/CONSONO_CORNER_ST_LEFT_VELUTTO_04_GOODS_02_IQOwZ0m.png
2024-04-04 07:43:23,466 - Not Found: /node_modules/jquery/dist/jquery.js
2024-04-04 07:43:23,487 - Not Found: /node_modules/owl.carousel/dist/owl.carousel.min.js
2024-04-04 07:47:38,622 - Not Found: /media/images/CONSONO_CORNER_ST_LEFT_VELUTTO_04_GOODS_02_IQOwZ0m.png
2024-04-04 07:48:30,998 - Not Found: /media/images/CONSONO_CORNER_ST_LEFT_VELUTTO_04_GOODS_02_IQOwZ0m.png
2024-04-04 07:48:31,161 - Not Found: /media/images/CONSONO_CORNER_ST_LEFT_VELUTTO_04_GOODS_02_IQOwZ0m.png
2024-04-04 07:49:22,330 - Not Found: /media/images/CONSONO_CORNER_ST_LEFT_VELUTTO_04_GOODS_02_IQOwZ0m.png
2024-04-04 07:49:46,405 - Not Found: /media/images/CONSONO_CORNER_ST_LEFT_VELUTTO_04_GOODS_02_IQOwZ0m.png
2024-04-04 07:49:46,550 - Not Found: /media/images/CONSONO_CORNER_ST_LEFT_VELUTTO_04_GOODS_02_IQOwZ0m.png
2024-04-04 07:49:53,917 - Not Found: /media/images/CONSONO_CORNER_ST_LEFT_VELUTTO_04_GOODS_02_IQOwZ0m.png
2024-04-04 07:50:08,735 - Not Found: /media/images/CONSONO_CORNER_ST_LEFT_VELUTTO_04_GOODS_02_IQOwZ0m.png
2024-04-04 07:50:17,437 - Not Found: /media/images/CONSONO_CORNER_ST_LEFT_VELUTTO_04_GOODS_02_IQOwZ0m.png
2024-04-04 07:50:29,131 - Not Found: /media/images/CONSONO_CORNER_ST_LEFT_VELUTTO_04_GOODS_02_IQOwZ0m.png
2024-04-04 07:50:29,328 - Not Found: /media/images/CONSONO_CORNER_ST_LEFT_VELUTTO_04_GOODS_02_IQOwZ0m.png
2024-04-04 07:50:43,546 - Not Found: /media/images/CONSONO_CORNER_ST_LEFT_VELUTTO_04_GOODS_02_IQOwZ0m.png
2024-04-04 07:50:59,809 - Not Found: /media/images/CONSONO_CORNER_ST_LEFT_VELUTTO_04_GOODS_02_IQOwZ0m.png
2024-04-04 07:50:59,851 - Not Found: /media/images/CONSONO_CORNER_ST_LEFT_VELUTTO_04_GOODS_02_IQOwZ0m.png
2024-04-04 07:52:47,184 - Not Found: /media/images/CONSONO_CORNER_ST_LEFT_VELUTTO_04_GOODS_02_IQOwZ0m.png
2024-04-04 07:55:15,193 - Not Found: /media/images/CONSONO_CORNER_ST_LEFT_VELUTTO_04_GOODS_02_IQOwZ0m.png
2024-04-04 07:57:54,938 - Not Found: /media/images/CONSONO_CORNER_ST_LEFT_VELUTTO_04_GOODS_02_IQOwZ0m.png
2024-04-04 07:59:09,164 - Not Found: /media/images/CONSONO_CORNER_ST_LEFT_VELUTTO_04_GOODS_02_IQOwZ0m.png
2024-04-04 08:01:00,478 - Not Found: /media/images/CONSONO_CORNER_ST_LEFT_VELUTTO_04_GOODS_02_IQOwZ0m.png
2024-04-04 08:01:30,084 - Not Found: /media/images/CONSONO_CORNER_ST_LEFT_VELUTTO_04_GOODS_02_IQOwZ0m.png
2024-04-04 08:01:35,745 - Not Found: /media/images/CONSONO_CORNER_ST_LEFT_VELUTTO_04_GOODS_02_IQOwZ0m.png
2024-04-04 08:01:44,069 - Not Found: /media/images/CONSONO_CORNER_ST_LEFT_VELUTTO_04_GOODS_02_IQOwZ0m.png
2024-04-04 08:02:24,342 - Not Found: /media/images/CONSONO_CORNER_ST_LEFT_VELUTTO_04_GOODS_02_IQOwZ0m.png
2024-04-04 08:06:52,435 - Not Found: /media/images/CONSONO_CORNER_ST_LEFT_VELUTTO_04_GOODS_02_IQOwZ0m.png
2024-04-04 08:06:55,949 - Not Found: /media/images/CONSONO_CORNER_ST_LEFT_VELUTTO_04_GOODS_02_IQOwZ0m.png
2024-04-04 08:16:35,802 - Internal Server Error: /
Traceback (most recent call last):
  File "/home/a/.local/lib/python3.10/site-packages/django/template/base.py", line 505, in parse
    compile_func = self.tags[command]
KeyError: "'bootstrap-5.0.2-dist/js/bootstrap.min.js'"

During handling of the above exception, another exception occurred:

Traceback (most recent call last):
  File "/home/a/.local/lib/python3.10/site-packages/django/core/handlers/exception.py", line 56, in inner
    response = get_response(request)
  File "/home/a/.local/lib/python3.10/site-packages/django/core/handlers/base.py", line 197, in _get_response
    response = wrapped_callback(request, *callback_args, **callback_kwargs)
  File "/home/a/deco_dj/product/views.py", line 13, in index
    return render(request, 'product/index.html', {'products': products, 'popular': popular})
  File "/home/a/.local/lib/python3.10/site-packages/django/shortcuts.py", line 24, in render
    content = loader.render_to_string(template_name, context, request, using=using)
  File "/home/a/.local/lib/python3.10/site-packages/django/template/loader.py", line 62, in render_to_string
    return template.render(context, request)
  File "/home/a/.local/lib/python3.10/site-packages/django/template/backends/django.py", line 61, in render
    return self.template.render(context)
  File "/home/a/.local/lib/python3.10/site-packages/django/template/base.py", line 175, in render
    return self._render(context)
  File "/home/a/.local/lib/python3.10/site-packages/django/template/base.py", line 167, in _render
    return self.nodelist.render(context)
  File "/home/a/.local/lib/python3.10/site-packages/django/template/base.py", line 1005, in render
    return SafeString("".join([node.render_annotated(context) for node in self]))
  File "/home/a/.local/lib/python3.10/site-packages/django/template/base.py", line 1005, in <listcomp>
    return SafeString("".join([node.render_annotated(context) for node in self]))
  File "/home/a/.local/lib/python3.10/site-packages/django/template/base.py", line 966, in render_annotated
    return self.render(context)
  File "/home/a/.local/lib/python3.10/site-packages/django/template/loader_tags.py", line 132, in render
    compiled_parent = self.get_parent(context)
  File "/home/a/.local/lib/python3.10/site-packages/django/template/loader_tags.py", line 129, in get_parent
    return self.find_template(parent, context)
  File "/home/a/.local/lib/python3.10/site-packages/django/template/loader_tags.py", line 107, in find_template
    template, origin = context.template.engine.find_template(
  File "/home/a/.local/lib/python3.10/site-packages/django/template/engine.py", line 157, in find_template
    template = loader.get_template(name, skip=skip)
  File "/home/a/.local/lib/python3.10/site-packages/django/template/loaders/cached.py", line 57, in get_template
    template = super().get_template(template_name, skip)
  File "/home/a/.local/lib/python3.10/site-packages/django/template/loaders/base.py", line 28, in get_template
    return Template(
  File "/home/a/.local/lib/python3.10/site-packages/django/template/base.py", line 154, in __init__
    self.nodelist = self.compile_nodelist()
  File "/home/a/.local/lib/python3.10/site-packages/django/template/base.py", line 200, in compile_nodelist
    return parser.parse()
  File "/home/a/.local/lib/python3.10/site-packages/django/template/base.py", line 507, in parse
    self.invalid_block_tag(token, command, parse_until)
  File "/home/a/.local/lib/python3.10/site-packages/django/template/base.py", line 568, in invalid_block_tag
    raise self.error(
django.template.exceptions.TemplateSyntaxError: Invalid block tag on line 465: ''bootstrap-5.0.2-dist/js/bootstrap.min.js''. Did you forget to register or load this tag?
2024-04-04 08:16:35,986 - Not Found: /favicon.ico
2024-04-04 08:17:04,774 - Internal Server Error: /
Traceback (most recent call last):
  File "/home/a/.local/lib/python3.10/site-packages/django/template/base.py", line 505, in parse
    compile_func = self.tags[command]
KeyError: "'bootstrap-5.0.2-dist/js/bootstrap.min.js'"

During handling of the above exception, another exception occurred:

Traceback (most recent call last):
  File "/home/a/.local/lib/python3.10/site-packages/django/core/handlers/exception.py", line 56, in inner
    response = get_response(request)
  File "/home/a/.local/lib/python3.10/site-packages/django/core/handlers/base.py", line 197, in _get_response
    response = wrapped_callback(request, *callback_args, **callback_kwargs)
  File "/home/a/deco_dj/product/views.py", line 13, in index
    return render(request, 'product/index.html', {'products': products, 'popular': popular})
  File "/home/a/.local/lib/python3.10/site-packages/django/shortcuts.py", line 24, in render
    content = loader.render_to_string(template_name, context, request, using=using)
  File "/home/a/.local/lib/python3.10/site-packages/django/template/loader.py", line 62, in render_to_string
    return template.render(context, request)
  File "/home/a/.local/lib/python3.10/site-packages/django/template/backends/django.py", line 61, in render
    return self.template.render(context)
  File "/home/a/.local/lib/python3.10/site-packages/django/template/base.py", line 175, in render
    return self._render(context)
  File "/home/a/.local/lib/python3.10/site-packages/django/template/base.py", line 167, in _render
    return self.nodelist.render(context)
  File "/home/a/.local/lib/python3.10/site-packages/django/template/base.py", line 1005, in render
    return SafeString("".join([node.render_annotated(context) for node in self]))
  File "/home/a/.local/lib/python3.10/site-packages/django/template/base.py", line 1005, in <listcomp>
    return SafeString("".join([node.render_annotated(context) for node in self]))
  File "/home/a/.local/lib/python3.10/site-packages/django/template/base.py", line 966, in render_annotated
    return self.render(context)
  File "/home/a/.local/lib/python3.10/site-packages/django/template/loader_tags.py", line 132, in render
    compiled_parent = self.get_parent(context)
  File "/home/a/.local/lib/python3.10/site-packages/django/template/loader_tags.py", line 129, in get_parent
    return self.find_template(parent, context)
  File "/home/a/.local/lib/python3.10/site-packages/django/template/loader_tags.py", line 107, in find_template
    template, origin = context.template.engine.find_template(
  File "/home/a/.local/lib/python3.10/site-packages/django/template/engine.py", line 157, in find_template
    template = loader.get_template(name, skip=skip)
  File "/home/a/.local/lib/python3.10/site-packages/django/template/loaders/cached.py", line 57, in get_template
    template = super().get_template(template_name, skip)
  File "/home/a/.local/lib/python3.10/site-packages/django/template/loaders/base.py", line 28, in get_template
    return Template(
  File "/home/a/.local/lib/python3.10/site-packages/django/template/base.py", line 154, in __init__
    self.nodelist = self.compile_nodelist()
  File "/home/a/.local/lib/python3.10/site-packages/django/template/base.py", line 200, in compile_nodelist
    return parser.parse()
  File "/home/a/.local/lib/python3.10/site-packages/django/template/base.py", line 507, in parse
    self.invalid_block_tag(token, command, parse_until)
  File "/home/a/.local/lib/python3.10/site-packages/django/template/base.py", line 568, in invalid_block_tag
    raise self.error(
django.template.exceptions.TemplateSyntaxError: Invalid block tag on line 465: ''bootstrap-5.0.2-dist/js/bootstrap.min.js''. Did you forget to register or load this tag?
2024-04-04 08:17:04,966 - Not Found: /favicon.ico
2024-04-04 08:17:41,517 - Internal Server Error: /
Traceback (most recent call last):
  File "/home/a/.local/lib/python3.10/site-packages/django/template/base.py", line 505, in parse
    compile_func = self.tags[command]
KeyError: "'bootstrap-5.0.2-dist/js/bootstrap.min.js'"

During handling of the above exception, another exception occurred:

Traceback (most recent call last):
  File "/home/a/.local/lib/python3.10/site-packages/django/core/handlers/exception.py", line 56, in inner
    response = get_response(request)
  File "/home/a/.local/lib/python3.10/site-packages/django/core/handlers/base.py", line 197, in _get_response
    response = wrapped_callback(request, *callback_args, **callback_kwargs)
  File "/home/a/deco_dj/product/views.py", line 13, in index
    return render(request, 'product/index.html', {'products': products, 'popular': popular})
  File "/home/a/.local/lib/python3.10/site-packages/django/shortcuts.py", line 24, in render
    content = loader.render_to_string(template_name, context, request, using=using)
  File "/home/a/.local/lib/python3.10/site-packages/django/template/loader.py", line 62, in render_to_string
    return template.render(context, request)
  File "/home/a/.local/lib/python3.10/site-packages/django/template/backends/django.py", line 61, in render
    return self.template.render(context)
  File "/home/a/.local/lib/python3.10/site-packages/django/template/base.py", line 175, in render
    return self._render(context)
  File "/home/a/.local/lib/python3.10/site-packages/django/template/base.py", line 167, in _render
    return self.nodelist.render(context)
  File "/home/a/.local/lib/python3.10/site-packages/django/template/base.py", line 1005, in render
    return SafeString("".join([node.render_annotated(context) for node in self]))
  File "/home/a/.local/lib/python3.10/site-packages/django/template/base.py", line 1005, in <listcomp>
    return SafeString("".join([node.render_annotated(context) for node in self]))
  File "/home/a/.local/lib/python3.10/site-packages/django/template/base.py", line 966, in render_annotated
    return self.render(context)
  File "/home/a/.local/lib/python3.10/site-packages/django/template/loader_tags.py", line 132, in render
    compiled_parent = self.get_parent(context)
  File "/home/a/.local/lib/python3.10/site-packages/django/template/loader_tags.py", line 129, in get_parent
    return self.find_template(parent, context)
  File "/home/a/.local/lib/python3.10/site-packages/django/template/loader_tags.py", line 107, in find_template
    template, origin = context.template.engine.find_template(
  File "/home/a/.local/lib/python3.10/site-packages/django/template/engine.py", line 157, in find_template
    template = loader.get_template(name, skip=skip)
  File "/home/a/.local/lib/python3.10/site-packages/django/template/loaders/cached.py", line 57, in get_template
    template = super().get_template(template_name, skip)
  File "/home/a/.local/lib/python3.10/site-packages/django/template/loaders/base.py", line 28, in get_template
    return Template(
  File "/home/a/.local/lib/python3.10/site-packages/django/template/base.py", line 154, in __init__
    self.nodelist = self.compile_nodelist()
  File "/home/a/.local/lib/python3.10/site-packages/django/template/base.py", line 200, in compile_nodelist
    return parser.parse()
  File "/home/a/.local/lib/python3.10/site-packages/django/template/base.py", line 507, in parse
    self.invalid_block_tag(token, command, parse_until)
  File "/home/a/.local/lib/python3.10/site-packages/django/template/base.py", line 568, in invalid_block_tag
    raise self.error(
django.template.exceptions.TemplateSyntaxError: Invalid block tag on line 465: ''bootstrap-5.0.2-dist/js/bootstrap.min.js''. Did you forget to register or load this tag?
2024-04-04 08:17:41,700 - Not Found: /favicon.ico
2024-04-04 08:18:09,405 - Not Found: /media/images/CONSONO_CORNER_ST_LEFT_VELUTTO_04_GOODS_02_IQOwZ0m.png
2024-04-04 08:18:28,184 - Not Found: /favicon.ico
2024-04-04 08:18:50,945 - Not Found: /media/images/CONSONO_CORNER_ST_LEFT_VELUTTO_04_GOODS_02_IQOwZ0m.png
2024-04-04 08:19:54,109 - Not Found: /media/images/CONSONO_CORNER_ST_LEFT_VELUTTO_04_GOODS_02_IQOwZ0m.png
